2026-06-28 17:32:06.861 +08:00 [INF] Microsoft.Hosting.Lifetime Now listening on: http://localhost:5106
2026-06-28 17:32:06.936 +08:00 [INF] Microsoft.Hosting.Lifetime Application started. Press Ctrl+C to shut down.
2026-06-28 17:32:06.939 +08:00 [INF] Microsoft.Hosting.Lifetime Hosting environment: Development
2026-06-28 17:32:06.940 +08:00 [INF] Microsoft.Hosting.Lifetime Content root path: D:\Codes\Projects\eams2026\src\EAMS2026.Api
2026-06-28 17:32:25.446 +08:00 [INF] EAMS2026.Application.Services.Erp.VouchModifyService [GetSalespersons] 从 erp_settings_salesperson_map 读取业务员列表
2026-06-28 17:32:25.650 +08:00 [INF] EAMS2026.Application.Services.Erp.VouchModifyService [GetSalespersons] 从映射表获取到 6 个业务员
2026-06-28 17:32:26.130 +08:00 [INF] EAMS2026.Application.Services.Erp.VouchModifyService [QueryUnverifiedDispatches] 开始查询未审核发货单, 客户编码=null, 日期范围=null~null
2026-06-28 17:32:27.980 +08:00 [INF] EAMS2026.Application.Services.Erp.VouchModifyService [QueryUnverifiedDispatches] 查询完成, 共 20 条 (总计 353)
2026-06-28 17:34:18.867 +08:00 [INF] EAMS2026.Infrastructure.Services.Erp.ReportService [ExecuteReport] reportId=2, userId=1
2026-06-28 17:34:18.970 +08:00 [INF] EAMS2026.Infrastructure.Services.Erp.ReportService [ExecuteReport] hasView=true
2026-06-28 17:34:19.014 +08:00 [INF] EAMS2026.Infrastructure.Services.Erp.ReportService [BuildFilterConditions] between: ddate 从 "2025-01-01T00:00:00.0000000+08:00" ~ "2026-06-23T00:00:00.0000000+08:00"
2026-06-28 17:34:19.032 +08:00 [INF] EAMS2026.Infrastructure.Services.Erp.ReportService [BuildFilterConditions] 生成条件: ddate BETWEEN @_bf0 AND @_bf1 AND year = @_bf2 AND cpersoncode = @_bf3
2026-06-28 17:34:19.037 +08:00 [INF] EAMS2026.Infrastructure.Services.Erp.ReportService [BuildFilterConditions] 修改后SQL: SELECT year,month,ddate,cdcname,cpersonname,cpersoncode,cCusName,cCusAbbName,cShipAddress,cCusPerson,cdlcode,cmaker,cWhName,cInvTopClsName,cInvName,cInvCCode,cInvCName,iQuantity,iNum,isum
from dflView_eams_crossYearDispatch
where 1=1
    AND (ddate BETWEEN @_bf0 AND @_bf1 AND year = @_bf2 AND cpersoncode = @_bf3)
2026-06-28 17:34:19.042 +08:00 [INF] EAMS2026.Infrastructure.Services.Erp.ReportService [BuildFilterConditions] 额外参数 _bf0 = "2025-01-01T00:00:00.0000000+08:00" (DateTime)
2026-06-28 17:34:19.075 +08:00 [INF] EAMS2026.Infrastructure.Services.Erp.ReportService [BuildFilterConditions] 额外参数 _bf1 = "2026-06-23T00:00:00.0000000+08:00" (DateTime)
2026-06-28 17:34:19.131 +08:00 [INF] EAMS2026.Infrastructure.Services.Erp.ReportService [BuildFilterConditions] 额外参数 _bf2 = 2026 (String)
2026-06-28 17:34:19.146 +08:00 [INF] EAMS2026.Infrastructure.Services.Erp.ReportService [BuildFilterConditions] 额外参数 _bf3 = 0207 (String)
2026-06-28 17:34:19.257 +08:00 [INF] EAMS2026.Infrastructure.Services.Erp.ReportService [ExecuteQueryInternal] 应用报表默认排序: ddate DESC, cdcname ASC
2026-06-28 17:34:19.317 +08:00 [INF] EAMS2026.Infrastructure.Services.Erp.ReportService [ExecuteRawSql] datasource=erp_u871_currentYear, isSqlServer=true, sql=SELECT year,month,ddate,cdcname,cpersonname,cpersoncode,cCusName,cCusAbbName,cShipAddress,cCusPerson,cdlcode,cmaker,cWhName,cInvTopClsName,cInvName,cInvCCode,cInvCName,iQuantity,iNum,isum
from dflView_eams_crossYearDispatch
where 1=1
    AND (ddate BETWEEN @_bf0 AND @_bf1 AND year = @_bf2 AND cpersoncode = @_bf3)
2026-06-28 17:34:19.325 +08:00 [INF] EAMS2026.Infrastructure.Services.Erp.ReportService [ExecuteRawSql] 归一化参数数: 7
2026-06-28 17:34:19.348 +08:00 [INF] EAMS2026.Infrastructure.Services.Erp.ReportService [ExecuteRawSql] 应用排序: [ddate] DESC, [cdcname] ASC
2026-06-28 17:34:19.351 +08:00 [INF] EAMS2026.Infrastructure.Services.Erp.ReportService [ExecuteRawSql] page=1, pageSize=50
2026-06-28 17:34:20.154 +08:00 [INF] EAMS2026.Infrastructure.Services.Erp.ReportService [ExecuteRawSql] COUNT结果: 5079
2026-06-28 17:34:20.159 +08:00 [INF] EAMS2026.Infrastructure.Services.Erp.ReportService [ExecuteRawSql] 分页SQL: SELECT * FROM (SELECT *, ROW_NUMBER() OVER (ORDER BY (SELECT NULL)) AS _rn FROM (SELECT year,month,ddate,cdcname,cpersonname,cpersoncode,cCusName,cCusAbbName,cShipAddress,cCusPerson,cdlcode,cmaker,cWhName,cInvTopClsName,cInvName,cInvCCode,cInvCName,iQuantity,iNum,isum
from dflView_eams_crossYearDispatch
where 1=1
    AND (ddate BETWEEN @_bf0 AND @_bf1 AND year = @_bf2 AND cpersoncode = @_bf3)
) AS _inner) AS _outer WHERE _rn BETWEEN @Start AND @End
2026-06-28 17:34:20.623 +08:00 [INF] EAMS2026.Infrastructure.Services.Erp.ReportService [ExecuteRawSql] 返回列数=21, 行数=50
2026-06-28 17:38:59.805 +08:00 [INF] EAMS2026.Infrastructure.Services.Erp.ReportService [ExecuteReport] reportId=2, userId=1
2026-06-28 17:38:59.920 +08:00 [INF] EAMS2026.Infrastructure.Services.Erp.ReportService [ExecuteReport] hasView=true
2026-06-28 17:38:59.941 +08:00 [INF] EAMS2026.Infrastructure.Services.Erp.ReportService [BuildFilterConditions] between: ddate 从 "2025-01-01T00:00:00.0000000+08:00" ~ "2026-06-23T00:00:00.0000000+08:00"
2026-06-28 17:38:59.981 +08:00 [INF] EAMS2026.Infrastructure.Services.Erp.ReportService [BuildFilterConditions] 生成条件: ddate BETWEEN @_bf0 AND @_bf1 AND year = @_bf2 AND cpersoncode = @_bf3
2026-06-28 17:38:59.994 +08:00 [INF] EAMS2026.Infrastructure.Services.Erp.ReportService [BuildFilterConditions] 修改后SQL: SELECT year,month,ddate,cdcname,cpersonname,cpersoncode,cCusName,cCusAbbName,cShipAddress,cCusPerson,cdlcode,cmaker,cWhName,cInvTopClsName,cInvName,cInvCCode,cInvCName,iQuantity,iNum,isum
from dflView_eams_crossYearDispatch
where 1=1
    AND (ddate BETWEEN @_bf0 AND @_bf1 AND year = @_bf2 AND cpersoncode = @_bf3)
2026-06-28 17:39:00.555 +08:00 [INF] EAMS2026.Infrastructure.Services.Erp.ReportService [BuildFilterConditions] 额外参数 _bf0 = "2025-01-01T00:00:00.0000000+08:00" (DateTime)
2026-06-28 17:39:00.671 +08:00 [INF] EAMS2026.Infrastructure.Services.Erp.ReportService [BuildFilterConditions] 额外参数 _bf1 = "2026-06-23T00:00:00.0000000+08:00" (DateTime)
2026-06-28 17:39:00.684 +08:00 [INF] EAMS2026.Infrastructure.Services.Erp.ReportService [BuildFilterConditions] 额外参数 _bf2 = 2026 (String)
2026-06-28 17:39:00.692 +08:00 [INF] EAMS2026.Infrastructure.Services.Erp.ReportService [BuildFilterConditions] 额外参数 _bf3 = 0207 (String)
2026-06-28 17:39:00.698 +08:00 [INF] EAMS2026.Infrastructure.Services.Erp.ReportService [ExecuteQueryInternal] 应用报表默认排序: ddate DESC, cdcname ASC
2026-06-28 17:39:00.707 +08:00 [INF] EAMS2026.Infrastructure.Services.Erp.ReportService [ExecuteRawSql] datasource=erp_u871_currentYear, isSqlServer=true, sql=SELECT year,month,ddate,cdcname,cpersonname,cpersoncode,cCusName,cCusAbbName,cShipAddress,cCusPerson,cdlcode,cmaker,cWhName,cInvTopClsName,cInvName,cInvCCode,cInvCName,iQuantity,iNum,isum
from dflView_eams_crossYearDispatch
where 1=1
    AND (ddate BETWEEN @_bf0 AND @_bf1 AND year = @_bf2 AND cpersoncode = @_bf3)
2026-06-28 17:39:00.714 +08:00 [INF] EAMS2026.Infrastructure.Services.Erp.ReportService [ExecuteRawSql] 归一化参数数: 7
2026-06-28 17:39:00.720 +08:00 [INF] EAMS2026.Infrastructure.Services.Erp.ReportService [ExecuteRawSql] 应用排序: [ddate] DESC, [cdcname] ASC
2026-06-28 17:39:00.722 +08:00 [INF] EAMS2026.Infrastructure.Services.Erp.ReportService [ExecuteRawSql] page=1, pageSize=0
2026-06-28 17:39:00.727 +08:00 [INF] EAMS2026.Infrastructure.Services.Erp.ReportService [ExecuteRawSql] 无分页SQL: SELECT year,month,ddate,cdcname,cpersonname,cpersoncode,cCusName,cCusAbbName,cShipAddress,cCusPerson,cdlcode,cmaker,cWhName,cInvTopClsName,cInvName,cInvCCode,cInvCName,iQuantity,iNum,isum
from dflView_eams_crossYearDispatch
where 1=1
    AND (ddate BETWEEN @_bf0 AND @_bf1 AND year = @_bf2 AND cpersoncode = @_bf3)
ORDER BY [ddate] DESC, [cdcname] ASC
2026-06-28 17:39:02.529 +08:00 [INF] EAMS2026.Infrastructure.Services.Erp.ReportService [ExecuteRawSql] 返回列数=20, 行数=5079
2026-06-28 17:40:40.672 +08:00 [INF] EAMS2026.Infrastructure.Services.Erp.ReportService [ExecuteReport] reportId=2, userId=1
2026-06-28 17:40:40.750 +08:00 [INF] EAMS2026.Infrastructure.Services.Erp.ReportService [ExecuteReport] hasView=true
2026-06-28 17:40:40.872 +08:00 [INF] EAMS2026.Infrastructure.Services.Erp.ReportService [BuildFilterConditions] between: ddate 从 "2025-01-01T00:00:00.0000000+08:00" ~ "2026-06-23T00:00:00.0000000+08:00"
2026-06-28 17:40:40.919 +08:00 [INF] EAMS2026.Infrastructure.Services.Erp.ReportService [BuildFilterConditions] 生成条件: ddate BETWEEN @_bf0 AND @_bf1 AND cpersoncode = @_bf2
2026-06-28 17:40:40.934 +08:00 [INF] EAMS2026.Infrastructure.Services.Erp.ReportService [BuildFilterConditions] 修改后SQL: SELECT year,month,ddate,cdcname,cpersonname,cpersoncode,cCusName,cCusAbbName,cShipAddress,cCusPerson,cdlcode,cmaker,cWhName,cInvTopClsName,cInvName,cInvCCode,cInvCName,iQuantity,iNum,isum
from dflView_eams_crossYearDispatch
where 1=1
    AND (ddate BETWEEN @_bf0 AND @_bf1 AND cpersoncode = @_bf2)
2026-06-28 17:40:40.942 +08:00 [INF] EAMS2026.Infrastructure.Services.Erp.ReportService [BuildFilterConditions] 额外参数 _bf0 = "2025-01-01T00:00:00.0000000+08:00" (DateTime)
2026-06-28 17:40:40.978 +08:00 [INF] EAMS2026.Infrastructure.Services.Erp.ReportService [BuildFilterConditions] 额外参数 _bf1 = "2026-06-23T00:00:00.0000000+08:00" (DateTime)
2026-06-28 17:40:41.005 +08:00 [INF] EAMS2026.Infrastructure.Services.Erp.ReportService [BuildFilterConditions] 额外参数 _bf2 = 0207 (String)
2026-06-28 17:40:41.052 +08:00 [INF] EAMS2026.Infrastructure.Services.Erp.ReportService [ExecuteQueryInternal] 应用报表默认排序: ddate DESC, cdcname ASC
2026-06-28 17:40:41.068 +08:00 [INF] EAMS2026.Infrastructure.Services.Erp.ReportService [ExecuteRawSql] datasource=erp_u871_currentYear, isSqlServer=true, sql=SELECT year,month,ddate,cdcname,cpersonname,cpersoncode,cCusName,cCusAbbName,cShipAddress,cCusPerson,cdlcode,cmaker,cWhName,cInvTopClsName,cInvName,cInvCCode,cInvCName,iQuantity,iNum,isum
from dflView_eams_crossYearDispatch
where 1=1
    AND (ddate BETWEEN @_bf0 AND @_bf1 AND cpersoncode = @_bf2)
2026-06-28 17:40:41.086 +08:00 [INF] EAMS2026.Infrastructure.Services.Erp.ReportService [ExecuteRawSql] 归一化参数数: 5
2026-06-28 17:40:41.124 +08:00 [INF] EAMS2026.Infrastructure.Services.Erp.ReportService [ExecuteRawSql] 应用排序: [ddate] DESC, [cdcname] ASC
2026-06-28 17:40:41.158 +08:00 [INF] EAMS2026.Infrastructure.Services.Erp.ReportService [ExecuteRawSql] page=1, pageSize=50
2026-06-28 17:40:43.914 +08:00 [INF] EAMS2026.Infrastructure.Services.Erp.ReportService [ExecuteRawSql] COUNT结果: 16357
2026-06-28 17:40:43.916 +08:00 [INF] EAMS2026.Infrastructure.Services.Erp.ReportService [ExecuteRawSql] 分页SQL: SELECT * FROM (SELECT *, ROW_NUMBER() OVER (ORDER BY (SELECT NULL)) AS _rn FROM (SELECT year,month,ddate,cdcname,cpersonname,cpersoncode,cCusName,cCusAbbName,cShipAddress,cCusPerson,cdlcode,cmaker,cWhName,cInvTopClsName,cInvName,cInvCCode,cInvCName,iQuantity,iNum,isum
from dflView_eams_crossYearDispatch
where 1=1
    AND (ddate BETWEEN @_bf0 AND @_bf1 AND cpersoncode = @_bf2)
) AS _inner) AS _outer WHERE _rn BETWEEN @Start AND @End
2026-06-28 17:40:44.972 +08:00 [INF] EAMS2026.Infrastructure.Services.Erp.ReportService [ExecuteRawSql] 返回列数=21, 行数=50
2026-06-28 17:41:23.907 +08:00 [INF] EAMS2026.Infrastructure.Services.Erp.ReportService [ExecuteReport] reportId=2, userId=1
2026-06-28 17:41:23.939 +08:00 [INF] EAMS2026.Infrastructure.Services.Erp.ReportService [ExecuteReport] hasView=true
2026-06-28 17:41:23.946 +08:00 [INF] EAMS2026.Infrastructure.Services.Erp.ReportService [BuildFilterConditions] between: ddate 从 "2025-01-01T00:00:00.0000000+08:00" ~ "2026-06-23T00:00:00.0000000+08:00"
2026-06-28 17:41:23.959 +08:00 [INF] EAMS2026.Infrastructure.Services.Erp.ReportService [BuildFilterConditions] 生成条件: ddate BETWEEN @_bf0 AND @_bf1 AND cpersoncode = @_bf2
2026-06-28 17:41:23.961 +08:00 [INF] EAMS2026.Infrastructure.Services.Erp.ReportService [BuildFilterConditions] 修改后SQL: SELECT year,month,ddate,cdcname,cpersonname,cpersoncode,cCusName,cCusAbbName,cShipAddress,cCusPerson,cdlcode,cmaker,cWhName,cInvTopClsName,cInvName,cInvCCode,cInvCName,iQuantity,iNum,isum
from dflView_eams_crossYearDispatch
where 1=1
    AND (ddate BETWEEN @_bf0 AND @_bf1 AND cpersoncode = @_bf2)
2026-06-28 17:41:23.963 +08:00 [INF] EAMS2026.Infrastructure.Services.Erp.ReportService [BuildFilterConditions] 额外参数 _bf0 = "2025-01-01T00:00:00.0000000+08:00" (DateTime)
2026-06-28 17:41:23.967 +08:00 [INF] EAMS2026.Infrastructure.Services.Erp.ReportService [BuildFilterConditions] 额外参数 _bf1 = "2026-06-23T00:00:00.0000000+08:00" (DateTime)
2026-06-28 17:41:24.042 +08:00 [INF] EAMS2026.Infrastructure.Services.Erp.ReportService [BuildFilterConditions] 额外参数 _bf2 = 0207 (String)
2026-06-28 17:41:24.061 +08:00 [INF] EAMS2026.Infrastructure.Services.Erp.ReportService [ExecuteQueryInternal] 应用报表默认排序: ddate DESC, cdcname ASC
2026-06-28 17:41:24.064 +08:00 [INF] EAMS2026.Infrastructure.Services.Erp.ReportService [ExecuteRawSql] datasource=erp_u871_currentYear, isSqlServer=true, sql=SELECT year,month,ddate,cdcname,cpersonname,cpersoncode,cCusName,cCusAbbName,cShipAddress,cCusPerson,cdlcode,cmaker,cWhName,cInvTopClsName,cInvName,cInvCCode,cInvCName,iQuantity,iNum,isum
from dflView_eams_crossYearDispatch
where 1=1
    AND (ddate BETWEEN @_bf0 AND @_bf1 AND cpersoncode = @_bf2)
2026-06-28 17:41:24.162 +08:00 [INF] EAMS2026.Infrastructure.Services.Erp.ReportService [ExecuteRawSql] 归一化参数数: 5
2026-06-28 17:41:24.263 +08:00 [INF] EAMS2026.Infrastructure.Services.Erp.ReportService [ExecuteRawSql] 应用排序: [ddate] DESC, [cdcname] ASC
2026-06-28 17:41:24.293 +08:00 [INF] EAMS2026.Infrastructure.Services.Erp.ReportService [ExecuteRawSql] page=1, pageSize=50
2026-06-28 17:41:24.731 +08:00 [INF] EAMS2026.Infrastructure.Services.Erp.ReportService [ExecuteRawSql] COUNT结果: 16357
2026-06-28 17:41:24.740 +08:00 [INF] EAMS2026.Infrastructure.Services.Erp.ReportService [ExecuteRawSql] 分页SQL: SELECT * FROM (SELECT *, ROW_NUMBER() OVER (ORDER BY (SELECT NULL)) AS _rn FROM (SELECT year,month,ddate,cdcname,cpersonname,cpersoncode,cCusName,cCusAbbName,cShipAddress,cCusPerson,cdlcode,cmaker,cWhName,cInvTopClsName,cInvName,cInvCCode,cInvCName,iQuantity,iNum,isum
from dflView_eams_crossYearDispatch
where 1=1
    AND (ddate BETWEEN @_bf0 AND @_bf1 AND cpersoncode = @_bf2)
) AS _inner) AS _outer WHERE _rn BETWEEN @Start AND @End
2026-06-28 17:41:25.155 +08:00 [INF] EAMS2026.Infrastructure.Services.Erp.ReportService [ExecuteRawSql] 返回列数=21, 行数=50
2026-06-28 17:42:04.125 +08:00 [INF] EAMS2026.Infrastructure.Services.Erp.ReportService [ExecuteReport] reportId=2, userId=1
2026-06-28 17:42:04.149 +08:00 [INF] EAMS2026.Infrastructure.Services.Erp.ReportService [ExecuteReport] hasView=true
2026-06-28 17:42:04.150 +08:00 [INF] EAMS2026.Infrastructure.Services.Erp.ReportService [BuildFilterConditions] between: ddate 从 "2025-01-01T00:00:00.0000000+08:00" ~ "2026-06-23T00:00:00.0000000+08:00"
2026-06-28 17:42:04.178 +08:00 [INF] EAMS2026.Infrastructure.Services.Erp.ReportService [BuildFilterConditions] 生成条件: ddate BETWEEN @_bf0 AND @_bf1 AND cpersoncode = @_bf2
2026-06-28 17:42:04.192 +08:00 [INF] EAMS2026.Infrastructure.Services.Erp.ReportService [BuildFilterConditions] 修改后SQL: SELECT year,month,ddate,cdcname,cpersonname,cpersoncode,cCusName,cCusAbbName,cShipAddress,cCusPerson,cdlcode,cmaker,cWhName,cInvTopClsName,cInvName,cInvCCode,cInvCName,iQuantity,iNum,isum
from dflView_eams_crossYearDispatch
where 1=1
    AND (ddate BETWEEN @_bf0 AND @_bf1 AND cpersoncode = @_bf2)
2026-06-28 17:42:04.243 +08:00 [INF] EAMS2026.Infrastructure.Services.Erp.ReportService [BuildFilterConditions] 额外参数 _bf0 = "2025-01-01T00:00:00.0000000+08:00" (DateTime)
2026-06-28 17:42:04.288 +08:00 [INF] EAMS2026.Infrastructure.Services.Erp.ReportService [BuildFilterConditions] 额外参数 _bf1 = "2026-06-23T00:00:00.0000000+08:00" (DateTime)
2026-06-28 17:42:04.344 +08:00 [INF] EAMS2026.Infrastructure.Services.Erp.ReportService [BuildFilterConditions] 额外参数 _bf2 = 0207 (String)
2026-06-28 17:42:04.538 +08:00 [INF] EAMS2026.Infrastructure.Services.Erp.ReportService [ExecuteQueryInternal] 应用报表默认排序: ddate DESC, cdcname ASC
2026-06-28 17:42:04.554 +08:00 [INF] EAMS2026.Infrastructure.Services.Erp.ReportService [ExecuteRawSql] datasource=erp_u871_currentYear, isSqlServer=true, sql=SELECT year,month,ddate,cdcname,cpersonname,cpersoncode,cCusName,cCusAbbName,cShipAddress,cCusPerson,cdlcode,cmaker,cWhName,cInvTopClsName,cInvName,cInvCCode,cInvCName,iQuantity,iNum,isum
from dflView_eams_crossYearDispatch
where 1=1
    AND (ddate BETWEEN @_bf0 AND @_bf1 AND cpersoncode = @_bf2)
2026-06-28 17:42:04.559 +08:00 [INF] EAMS2026.Infrastructure.Services.Erp.ReportService [ExecuteRawSql] 归一化参数数: 5
2026-06-28 17:42:04.568 +08:00 [INF] EAMS2026.Infrastructure.Services.Erp.ReportService [ExecuteRawSql] 应用排序: [ddate] DESC, [cdcname] ASC
2026-06-28 17:42:04.570 +08:00 [INF] EAMS2026.Infrastructure.Services.Erp.ReportService [ExecuteRawSql] page=1, pageSize=0
2026-06-28 17:42:04.579 +08:00 [INF] EAMS2026.Infrastructure.Services.Erp.ReportService [ExecuteRawSql] 无分页SQL: SELECT year,month,ddate,cdcname,cpersonname,cpersoncode,cCusName,cCusAbbName,cShipAddress,cCusPerson,cdlcode,cmaker,cWhName,cInvTopClsName,cInvName,cInvCCode,cInvCName,iQuantity,iNum,isum
from dflView_eams_crossYearDispatch
where 1=1
    AND (ddate BETWEEN @_bf0 AND @_bf1 AND cpersoncode = @_bf2)
ORDER BY [ddate] DESC, [cdcname] ASC
2026-06-28 17:42:05.829 +08:00 [INF] EAMS2026.Infrastructure.Services.Erp.ReportService [ExecuteRawSql] 返回列数=20, 行数=16357
2026-06-28 17:43:13.287 +08:00 [INF] EAMS2026.Infrastructure.Services.Erp.ReportService [ExecuteReport] reportId=2, userId=1
2026-06-28 17:43:13.313 +08:00 [INF] EAMS2026.Infrastructure.Services.Erp.ReportService [ExecuteReport] hasView=true
2026-06-28 17:43:13.324 +08:00 [INF] EAMS2026.Infrastructure.Services.Erp.ReportService [BuildFilterConditions] between: ddate 从 "2025-01-01T00:00:00.0000000+08:00" ~ "2026-06-23T00:00:00.0000000+08:00"
2026-06-28 17:43:13.327 +08:00 [INF] EAMS2026.Infrastructure.Services.Erp.ReportService [BuildFilterConditions] 生成条件: ddate BETWEEN @_bf0 AND @_bf1 AND year = @_bf2 AND cpersoncode = @_bf3
2026-06-28 17:43:13.332 +08:00 [INF] EAMS2026.Infrastructure.Services.Erp.ReportService [BuildFilterConditions] 修改后SQL: SELECT year,month,ddate,cdcname,cpersonname,cpersoncode,cCusName,cCusAbbName,cShipAddress,cCusPerson,cdlcode,cmaker,cWhName,cInvTopClsName,cInvName,cInvCCode,cInvCName,iQuantity,iNum,isum
from dflView_eams_crossYearDispatch
where 1=1
    AND (ddate BETWEEN @_bf0 AND @_bf1 AND year = @_bf2 AND cpersoncode = @_bf3)
2026-06-28 17:43:13.340 +08:00 [INF] EAMS2026.Infrastructure.Services.Erp.ReportService [BuildFilterConditions] 额外参数 _bf0 = "2025-01-01T00:00:00.0000000+08:00" (DateTime)
2026-06-28 17:43:13.360 +08:00 [INF] EAMS2026.Infrastructure.Services.Erp.ReportService [BuildFilterConditions] 额外参数 _bf1 = "2026-06-23T00:00:00.0000000+08:00" (DateTime)
2026-06-28 17:43:13.368 +08:00 [INF] EAMS2026.Infrastructure.Services.Erp.ReportService [BuildFilterConditions] 额外参数 _bf2 = 2026 (String)
2026-06-28 17:43:13.374 +08:00 [INF] EAMS2026.Infrastructure.Services.Erp.ReportService [BuildFilterConditions] 额外参数 _bf3 = 0207 (String)
2026-06-28 17:43:13.395 +08:00 [INF] EAMS2026.Infrastructure.Services.Erp.ReportService [ExecuteQueryInternal] 应用报表默认排序: ddate DESC, cdcname ASC
2026-06-28 17:43:13.405 +08:00 [INF] EAMS2026.Infrastructure.Services.Erp.ReportService [ExecuteRawSql] datasource=erp_u871_currentYear, isSqlServer=true, sql=SELECT year,month,ddate,cdcname,cpersonname,cpersoncode,cCusName,cCusAbbName,cShipAddress,cCusPerson,cdlcode,cmaker,cWhName,cInvTopClsName,cInvName,cInvCCode,cInvCName,iQuantity,iNum,isum
from dflView_eams_crossYearDispatch
where 1=1
    AND (ddate BETWEEN @_bf0 AND @_bf1 AND year = @_bf2 AND cpersoncode = @_bf3)
2026-06-28 17:43:13.453 +08:00 [INF] EAMS2026.Infrastructure.Services.Erp.ReportService [ExecuteRawSql] 归一化参数数: 7
2026-06-28 17:43:13.456 +08:00 [INF] EAMS2026.Infrastructure.Services.Erp.ReportService [ExecuteRawSql] 应用排序: [ddate] DESC, [cdcname] ASC
2026-06-28 17:43:13.460 +08:00 [INF] EAMS2026.Infrastructure.Services.Erp.ReportService [ExecuteRawSql] page=1, pageSize=50
2026-06-28 17:43:13.618 +08:00 [INF] EAMS2026.Infrastructure.Services.Erp.ReportService [ExecuteRawSql] COUNT结果: 5079
2026-06-28 17:43:13.711 +08:00 [INF] EAMS2026.Infrastructure.Services.Erp.ReportService [ExecuteRawSql] 分页SQL: SELECT * FROM (SELECT *, ROW_NUMBER() OVER (ORDER BY (SELECT NULL)) AS _rn FROM (SELECT year,month,ddate,cdcname,cpersonname,cpersoncode,cCusName,cCusAbbName,cShipAddress,cCusPerson,cdlcode,cmaker,cWhName,cInvTopClsName,cInvName,cInvCCode,cInvCName,iQuantity,iNum,isum
from dflView_eams_crossYearDispatch
where 1=1
    AND (ddate BETWEEN @_bf0 AND @_bf1 AND year = @_bf2 AND cpersoncode = @_bf3)
) AS _inner) AS _outer WHERE _rn BETWEEN @Start AND @End
2026-06-28 17:43:13.753 +08:00 [INF] EAMS2026.Infrastructure.Services.Erp.ReportService [ExecuteRawSql] 返回列数=21, 行数=50
2026-06-28 17:50:43.733 +08:00 [INF] EAMS2026.Infrastructure.Services.Erp.ReportService [ExecuteReport] reportId=2, userId=1
2026-06-28 17:50:43.744 +08:00 [INF] EAMS2026.Infrastructure.Services.Erp.ReportService [ExecuteReport] hasView=true
2026-06-28 17:50:43.747 +08:00 [INF] EAMS2026.Infrastructure.Services.Erp.ReportService [BuildFilterConditions] between: ddate 从 "2025-01-01T00:00:00.0000000+08:00" ~ "2026-06-23T00:00:00.0000000+08:00"
2026-06-28 17:50:43.750 +08:00 [INF] EAMS2026.Infrastructure.Services.Erp.ReportService [BuildFilterConditions] 生成条件: ddate BETWEEN @_bf0 AND @_bf1 AND year = @_bf2 AND cpersoncode = @_bf3
2026-06-28 17:50:43.751 +08:00 [INF] EAMS2026.Infrastructure.Services.Erp.ReportService [BuildFilterConditions] 修改后SQL: SELECT year,month,ddate,cdcname,cpersonname,cpersoncode,cCusName,cCusAbbName,cShipAddress,cCusPerson,cdlcode,cmaker,cWhName,cInvTopClsName,cInvName,cInvCCode,cInvCName,iQuantity,iNum,isum
from dflView_eams_crossYearDispatch
where 1=1
    AND (ddate BETWEEN @_bf0 AND @_bf1 AND year = @_bf2 AND cpersoncode = @_bf3)
2026-06-28 17:50:43.753 +08:00 [INF] EAMS2026.Infrastructure.Services.Erp.ReportService [BuildFilterConditions] 额外参数 _bf0 = "2025-01-01T00:00:00.0000000+08:00" (DateTime)
2026-06-28 17:50:43.756 +08:00 [INF] EAMS2026.Infrastructure.Services.Erp.ReportService [BuildFilterConditions] 额外参数 _bf1 = "2026-06-23T00:00:00.0000000+08:00" (DateTime)
2026-06-28 17:50:43.758 +08:00 [INF] EAMS2026.Infrastructure.Services.Erp.ReportService [BuildFilterConditions] 额外参数 _bf2 = 2026 (String)
2026-06-28 17:50:43.760 +08:00 [INF] EAMS2026.Infrastructure.Services.Erp.ReportService [BuildFilterConditions] 额外参数 _bf3 = 0207 (String)
2026-06-28 17:50:43.763 +08:00 [INF] EAMS2026.Infrastructure.Services.Erp.ReportService [ExecuteQueryInternal] 应用报表默认排序: ddate DESC, cdcname ASC
2026-06-28 17:50:43.767 +08:00 [INF] EAMS2026.Infrastructure.Services.Erp.ReportService [ExecuteRawSql] datasource=erp_u871_currentYear, isSqlServer=true, sql=SELECT year,month,ddate,cdcname,cpersonname,cpersoncode,cCusName,cCusAbbName,cShipAddress,cCusPerson,cdlcode,cmaker,cWhName,cInvTopClsName,cInvName,cInvCCode,cInvCName,iQuantity,iNum,isum
from dflView_eams_crossYearDispatch
where 1=1
    AND (ddate BETWEEN @_bf0 AND @_bf1 AND year = @_bf2 AND cpersoncode = @_bf3)
2026-06-28 17:50:43.769 +08:00 [INF] EAMS2026.Infrastructure.Services.Erp.ReportService [ExecuteRawSql] 归一化参数数: 7
2026-06-28 17:50:43.771 +08:00 [INF] EAMS2026.Infrastructure.Services.Erp.ReportService [ExecuteRawSql] 应用排序: [ddate] DESC, [cdcname] ASC
2026-06-28 17:50:43.773 +08:00 [INF] EAMS2026.Infrastructure.Services.Erp.ReportService [ExecuteRawSql] page=1, pageSize=50
2026-06-28 17:50:45.171 +08:00 [INF] EAMS2026.Infrastructure.Services.Erp.ReportService [ExecuteRawSql] COUNT结果: 5079
2026-06-28 17:50:45.175 +08:00 [INF] EAMS2026.Infrastructure.Services.Erp.ReportService [ExecuteRawSql] 分页SQL: SELECT * FROM (SELECT *, ROW_NUMBER() OVER (ORDER BY (SELECT NULL)) AS _rn FROM (SELECT year,month,ddate,cdcname,cpersonname,cpersoncode,cCusName,cCusAbbName,cShipAddress,cCusPerson,cdlcode,cmaker,cWhName,cInvTopClsName,cInvName,cInvCCode,cInvCName,iQuantity,iNum,isum
from dflView_eams_crossYearDispatch
where 1=1
    AND (ddate BETWEEN @_bf0 AND @_bf1 AND year = @_bf2 AND cpersoncode = @_bf3)
) AS _inner) AS _outer WHERE _rn BETWEEN @Start AND @End
2026-06-28 17:50:45.201 +08:00 [INF] EAMS2026.Infrastructure.Services.Erp.ReportService [ExecuteRawSql] 返回列数=21, 行数=50
2026-06-28 17:58:35.636 +08:00 [INF] EAMS2026.Infrastructure.Services.Erp.ReportService [ExecuteReport] reportId=2, userId=1
2026-06-28 17:58:35.965 +08:00 [INF] EAMS2026.Infrastructure.Services.Erp.ReportService [ExecuteReport] hasView=true
2026-06-28 17:58:35.969 +08:00 [INF] EAMS2026.Infrastructure.Services.Erp.ReportService [BuildFilterConditions] between: ddate 从 "2025-01-01T00:00:00.0000000+08:00" ~ "2026-06-23T00:00:00.0000000+08:00"
2026-06-28 17:58:35.989 +08:00 [INF] EAMS2026.Infrastructure.Services.Erp.ReportService [BuildFilterConditions] 生成条件: ddate BETWEEN @_bf0 AND @_bf1 AND year = @_bf2 AND cpersoncode = @_bf3
2026-06-28 17:58:36.003 +08:00 [INF] EAMS2026.Infrastructure.Services.Erp.ReportService [BuildFilterConditions] 修改后SQL: SELECT year,month,ddate,cdcname,cpersonname,cpersoncode,cCusName,cCusAbbName,cShipAddress,cCusPerson,cdlcode,cmaker,cWhName,cInvTopClsName,cInvName,cInvCCode,cInvCName,iQuantity,iNum,isum
from dflView_eams_crossYearDispatch
where 1=1
    AND (ddate BETWEEN @_bf0 AND @_bf1 AND year = @_bf2 AND cpersoncode = @_bf3)
2026-06-28 17:58:36.006 +08:00 [INF] EAMS2026.Infrastructure.Services.Erp.ReportService [BuildFilterConditions] 额外参数 _bf0 = "2025-01-01T00:00:00.0000000+08:00" (DateTime)
2026-06-28 17:58:36.165 +08:00 [INF] EAMS2026.Infrastructure.Services.Erp.ReportService [BuildFilterConditions] 额外参数 _bf1 = "2026-06-23T00:00:00.0000000+08:00" (DateTime)
2026-06-28 17:58:36.183 +08:00 [INF] EAMS2026.Infrastructure.Services.Erp.ReportService [BuildFilterConditions] 额外参数 _bf2 = 2026 (String)
2026-06-28 17:58:36.189 +08:00 [INF] EAMS2026.Infrastructure.Services.Erp.ReportService [BuildFilterConditions] 额外参数 _bf3 = 0207 (String)
2026-06-28 17:58:36.231 +08:00 [INF] EAMS2026.Infrastructure.Services.Erp.ReportService [ExecuteQueryInternal] 应用报表默认排序: ddate DESC, cdcname ASC
2026-06-28 17:58:36.506 +08:00 [INF] EAMS2026.Infrastructure.Services.Erp.ReportService [ExecuteRawSql] datasource=erp_u871_currentYear, isSqlServer=true, sql=SELECT year,month,ddate,cdcname,cpersonname,cpersoncode,cCusName,cCusAbbName,cShipAddress,cCusPerson,cdlcode,cmaker,cWhName,cInvTopClsName,cInvName,cInvCCode,cInvCName,iQuantity,iNum,isum
from dflView_eams_crossYearDispatch
where 1=1
    AND (ddate BETWEEN @_bf0 AND @_bf1 AND year = @_bf2 AND cpersoncode = @_bf3)
2026-06-28 17:58:36.539 +08:00 [INF] EAMS2026.Infrastructure.Services.Erp.ReportService [ExecuteRawSql] 归一化参数数: 7
2026-06-28 17:58:36.541 +08:00 [INF] EAMS2026.Infrastructure.Services.Erp.ReportService [ExecuteRawSql] 应用排序: [ddate] DESC, [cdcname] ASC
2026-06-28 17:58:36.562 +08:00 [INF] EAMS2026.Infrastructure.Services.Erp.ReportService [ExecuteRawSql] page=1, pageSize=50
2026-06-28 17:58:38.048 +08:00 [INF] EAMS2026.Infrastructure.Services.Erp.ReportService [ExecuteRawSql] COUNT结果: 5079
2026-06-28 17:58:38.051 +08:00 [INF] EAMS2026.Infrastructure.Services.Erp.ReportService [ExecuteRawSql] 分页SQL: SELECT * FROM (SELECT *, ROW_NUMBER() OVER (ORDER BY (SELECT NULL)) AS _rn FROM (SELECT year,month,ddate,cdcname,cpersonname,cpersoncode,cCusName,cCusAbbName,cShipAddress,cCusPerson,cdlcode,cmaker,cWhName,cInvTopClsName,cInvName,cInvCCode,cInvCName,iQuantity,iNum,isum
from dflView_eams_crossYearDispatch
where 1=1
    AND (ddate BETWEEN @_bf0 AND @_bf1 AND year = @_bf2 AND cpersoncode = @_bf3)
) AS _inner) AS _outer WHERE _rn BETWEEN @Start AND @End
2026-06-28 17:58:38.080 +08:00 [INF] EAMS2026.Infrastructure.Services.Erp.ReportService [ExecuteRawSql] 返回列数=21, 行数=50
2026-06-28 18:04:16.655 +08:00 [INF] EAMS2026.Infrastructure.Services.Erp.ReportService [ExecuteReport] reportId=2, userId=1
2026-06-28 18:04:16.666 +08:00 [INF] EAMS2026.Infrastructure.Services.Erp.ReportService [ExecuteReport] hasView=true
2026-06-28 18:04:16.668 +08:00 [INF] EAMS2026.Infrastructure.Services.Erp.ReportService [BuildFilterConditions] between: ddate 从 "2025-01-01T00:00:00.0000000+08:00" ~ "2026-06-23T00:00:00.0000000+08:00"
2026-06-28 18:04:16.671 +08:00 [INF] EAMS2026.Infrastructure.Services.Erp.ReportService [BuildFilterConditions] 生成条件: ddate BETWEEN @_bf0 AND @_bf1 AND year = @_bf2 AND cpersoncode = @_bf3
2026-06-28 18:04:16.674 +08:00 [INF] EAMS2026.Infrastructure.Services.Erp.ReportService [BuildFilterConditions] 修改后SQL: SELECT year,month,ddate,cdcname,cpersonname,cpersoncode,cCusName,cCusAbbName,cShipAddress,cCusPerson,cdlcode,cmaker,cWhName,cInvTopClsName,cInvName,cInvCCode,cInvCName,iQuantity,iNum,isum
from dflView_eams_crossYearDispatch
where 1=1
    AND (ddate BETWEEN @_bf0 AND @_bf1 AND year = @_bf2 AND cpersoncode = @_bf3)
2026-06-28 18:04:16.675 +08:00 [INF] EAMS2026.Infrastructure.Services.Erp.ReportService [BuildFilterConditions] 额外参数 _bf0 = "2025-01-01T00:00:00.0000000+08:00" (DateTime)
2026-06-28 18:04:16.680 +08:00 [INF] EAMS2026.Infrastructure.Services.Erp.ReportService [BuildFilterConditions] 额外参数 _bf1 = "2026-06-23T00:00:00.0000000+08:00" (DateTime)
2026-06-28 18:04:16.685 +08:00 [INF] EAMS2026.Infrastructure.Services.Erp.ReportService [BuildFilterConditions] 额外参数 _bf2 = 2026 (String)
2026-06-28 18:04:16.689 +08:00 [INF] EAMS2026.Infrastructure.Services.Erp.ReportService [BuildFilterConditions] 额外参数 _bf3 = 0207 (String)
2026-06-28 18:04:16.696 +08:00 [INF] EAMS2026.Infrastructure.Services.Erp.ReportService [ExecuteQueryInternal] 应用报表默认排序: ddate DESC, cdcname ASC
2026-06-28 18:04:16.701 +08:00 [INF] EAMS2026.Infrastructure.Services.Erp.ReportService [ExecuteRawSql] datasource=erp_u871_currentYear, isSqlServer=true, sql=SELECT year,month,ddate,cdcname,cpersonname,cpersoncode,cCusName,cCusAbbName,cShipAddress,cCusPerson,cdlcode,cmaker,cWhName,cInvTopClsName,cInvName,cInvCCode,cInvCName,iQuantity,iNum,isum
from dflView_eams_crossYearDispatch
where 1=1
    AND (ddate BETWEEN @_bf0 AND @_bf1 AND year = @_bf2 AND cpersoncode = @_bf3)
2026-06-28 18:04:16.704 +08:00 [INF] EAMS2026.Infrastructure.Services.Erp.ReportService [ExecuteRawSql] 归一化参数数: 7
2026-06-28 18:04:16.715 +08:00 [INF] EAMS2026.Infrastructure.Services.Erp.ReportService [ExecuteRawSql] 应用排序: [ddate] DESC, [cdcname] ASC
2026-06-28 18:04:16.735 +08:00 [INF] EAMS2026.Infrastructure.Services.Erp.ReportService [ExecuteRawSql] page=1, pageSize=50
2026-06-28 18:04:18.165 +08:00 [INF] EAMS2026.Infrastructure.Services.Erp.ReportService [ExecuteRawSql] COUNT结果: 5079
2026-06-28 18:04:18.168 +08:00 [INF] EAMS2026.Infrastructure.Services.Erp.ReportService [ExecuteRawSql] 分页SQL: SELECT * FROM (SELECT *, ROW_NUMBER() OVER (ORDER BY (SELECT NULL)) AS _rn FROM (SELECT year,month,ddate,cdcname,cpersonname,cpersoncode,cCusName,cCusAbbName,cShipAddress,cCusPerson,cdlcode,cmaker,cWhName,cInvTopClsName,cInvName,cInvCCode,cInvCName,iQuantity,iNum,isum
from dflView_eams_crossYearDispatch
where 1=1
    AND (ddate BETWEEN @_bf0 AND @_bf1 AND year = @_bf2 AND cpersoncode = @_bf3)
) AS _inner) AS _outer WHERE _rn BETWEEN @Start AND @End
2026-06-28 18:04:18.195 +08:00 [INF] EAMS2026.Infrastructure.Services.Erp.ReportService [ExecuteRawSql] 返回列数=21, 行数=50
2026-06-28 18:04:19.999 +08:00 [INF] EAMS2026.Infrastructure.Services.Erp.ReportService [ExecuteReport] reportId=2, userId=1
2026-06-28 18:04:20.017 +08:00 [INF] EAMS2026.Infrastructure.Services.Erp.ReportService [ExecuteReport] hasView=true
2026-06-28 18:04:20.020 +08:00 [INF] EAMS2026.Infrastructure.Services.Erp.ReportService [BuildFilterConditions] between: ddate 从 "2025-01-01T00:00:00.0000000+08:00" ~ "2026-06-23T00:00:00.0000000+08:00"
2026-06-28 18:04:20.022 +08:00 [INF] EAMS2026.Infrastructure.Services.Erp.ReportService [BuildFilterConditions] 生成条件: ddate BETWEEN @_bf0 AND @_bf1 AND year = @_bf2 AND cpersoncode = @_bf3
2026-06-28 18:04:20.024 +08:00 [INF] EAMS2026.Infrastructure.Services.Erp.ReportService [BuildFilterConditions] 修改后SQL: SELECT year,month,ddate,cdcname,cpersonname,cpersoncode,cCusName,cCusAbbName,cShipAddress,cCusPerson,cdlcode,cmaker,cWhName,cInvTopClsName,cInvName,cInvCCode,cInvCName,iQuantity,iNum,isum
from dflView_eams_crossYearDispatch
where 1=1
    AND (ddate BETWEEN @_bf0 AND @_bf1 AND year = @_bf2 AND cpersoncode = @_bf3)
2026-06-28 18:04:20.026 +08:00 [INF] EAMS2026.Infrastructure.Services.Erp.ReportService [BuildFilterConditions] 额外参数 _bf0 = "2025-01-01T00:00:00.0000000+08:00" (DateTime)
2026-06-28 18:04:20.029 +08:00 [INF] EAMS2026.Infrastructure.Services.Erp.ReportService [BuildFilterConditions] 额外参数 _bf1 = "2026-06-23T00:00:00.0000000+08:00" (DateTime)
2026-06-28 18:04:20.032 +08:00 [INF] EAMS2026.Infrastructure.Services.Erp.ReportService [BuildFilterConditions] 额外参数 _bf2 = 2026 (String)
2026-06-28 18:04:20.045 +08:00 [INF] EAMS2026.Infrastructure.Services.Erp.ReportService [BuildFilterConditions] 额外参数 _bf3 = 0207 (String)
2026-06-28 18:04:20.057 +08:00 [INF] EAMS2026.Infrastructure.Services.Erp.ReportService [ExecuteQueryInternal] 应用报表默认排序: ddate DESC, cdcname ASC
2026-06-28 18:04:20.065 +08:00 [INF] EAMS2026.Infrastructure.Services.Erp.ReportService [ExecuteRawSql] datasource=erp_u871_currentYear, isSqlServer=true, sql=SELECT year,month,ddate,cdcname,cpersonname,cpersoncode,cCusName,cCusAbbName,cShipAddress,cCusPerson,cdlcode,cmaker,cWhName,cInvTopClsName,cInvName,cInvCCode,cInvCName,iQuantity,iNum,isum
from dflView_eams_crossYearDispatch
where 1=1
    AND (ddate BETWEEN @_bf0 AND @_bf1 AND year = @_bf2 AND cpersoncode = @_bf3)
2026-06-28 18:04:20.073 +08:00 [INF] EAMS2026.Infrastructure.Services.Erp.ReportService [ExecuteRawSql] 归一化参数数: 7
2026-06-28 18:04:20.077 +08:00 [INF] EAMS2026.Infrastructure.Services.Erp.ReportService [ExecuteRawSql] 应用排序: [ddate] DESC, [cdcname] ASC
2026-06-28 18:04:20.081 +08:00 [INF] EAMS2026.Infrastructure.Services.Erp.ReportService [ExecuteRawSql] page=1, pageSize=50
2026-06-28 18:04:20.228 +08:00 [INF] EAMS2026.Infrastructure.Services.Erp.ReportService [ExecuteRawSql] COUNT结果: 5079
2026-06-28 18:04:20.230 +08:00 [INF] EAMS2026.Infrastructure.Services.Erp.ReportService [ExecuteRawSql] 分页SQL: SELECT * FROM (SELECT *, ROW_NUMBER() OVER (ORDER BY (SELECT NULL)) AS _rn FROM (SELECT year,month,ddate,cdcname,cpersonname,cpersoncode,cCusName,cCusAbbName,cShipAddress,cCusPerson,cdlcode,cmaker,cWhName,cInvTopClsName,cInvName,cInvCCode,cInvCName,iQuantity,iNum,isum
from dflView_eams_crossYearDispatch
where 1=1
    AND (ddate BETWEEN @_bf0 AND @_bf1 AND year = @_bf2 AND cpersoncode = @_bf3)
) AS _inner) AS _outer WHERE _rn BETWEEN @Start AND @End
2026-06-28 18:04:20.271 +08:00 [INF] EAMS2026.Infrastructure.Services.Erp.ReportService [ExecuteRawSql] 返回列数=21, 行数=50
2026-06-28 18:20:21.590 +08:00 [INF] EAMS2026.Infrastructure.Services.Erp.ReportService [ExecuteReport] reportId=2, userId=1
2026-06-28 18:20:21.602 +08:00 [INF] EAMS2026.Infrastructure.Services.Erp.ReportService [ExecuteReport] hasView=true
2026-06-28 18:20:21.606 +08:00 [INF] EAMS2026.Infrastructure.Services.Erp.ReportService [BuildFilterConditions] between: ddate 从 "2025-01-01T00:00:00.0000000+08:00" ~ "2026-06-23T00:00:00.0000000+08:00"
2026-06-28 18:20:21.608 +08:00 [INF] EAMS2026.Infrastructure.Services.Erp.ReportService [BuildFilterConditions] 生成条件: ddate BETWEEN @_bf0 AND @_bf1 AND year = @_bf2 AND cpersoncode = @_bf3
2026-06-28 18:20:21.611 +08:00 [INF] EAMS2026.Infrastructure.Services.Erp.ReportService [BuildFilterConditions] 修改后SQL: SELECT year,month,ddate,cdcname,cpersonname,cpersoncode,cCusName,cCusAbbName,cShipAddress,cCusPerson,cdlcode,cmaker,cWhName,cInvTopClsName,cInvName,cInvCCode,cInvCName,iQuantity,iNum,isum
from dflView_eams_crossYearDispatch
where 1=1
    AND (ddate BETWEEN @_bf0 AND @_bf1 AND year = @_bf2 AND cpersoncode = @_bf3)
2026-06-28 18:20:21.613 +08:00 [INF] EAMS2026.Infrastructure.Services.Erp.ReportService [BuildFilterConditions] 额外参数 _bf0 = "2025-01-01T00:00:00.0000000+08:00" (DateTime)
2026-06-28 18:20:21.617 +08:00 [INF] EAMS2026.Infrastructure.Services.Erp.ReportService [BuildFilterConditions] 额外参数 _bf1 = "2026-06-23T00:00:00.0000000+08:00" (DateTime)
2026-06-28 18:20:21.620 +08:00 [INF] EAMS2026.Infrastructure.Services.Erp.ReportService [BuildFilterConditions] 额外参数 _bf2 = 2026 (String)
2026-06-28 18:20:21.622 +08:00 [INF] EAMS2026.Infrastructure.Services.Erp.ReportService [BuildFilterConditions] 额外参数 _bf3 = 0207 (String)
2026-06-28 18:20:21.624 +08:00 [INF] EAMS2026.Infrastructure.Services.Erp.ReportService [ExecuteQueryInternal] 应用报表默认排序: ddate DESC, cdcname ASC
2026-06-28 18:20:21.627 +08:00 [INF] EAMS2026.Infrastructure.Services.Erp.ReportService [ExecuteRawSql] datasource=erp_u871_currentYear, isSqlServer=true, sql=SELECT year,month,ddate,cdcname,cpersonname,cpersoncode,cCusName,cCusAbbName,cShipAddress,cCusPerson,cdlcode,cmaker,cWhName,cInvTopClsName,cInvName,cInvCCode,cInvCName,iQuantity,iNum,isum
from dflView_eams_crossYearDispatch
where 1=1
    AND (ddate BETWEEN @_bf0 AND @_bf1 AND year = @_bf2 AND cpersoncode = @_bf3)
2026-06-28 18:20:21.629 +08:00 [INF] EAMS2026.Infrastructure.Services.Erp.ReportService [ExecuteRawSql] 归一化参数数: 7
2026-06-28 18:20:21.630 +08:00 [INF] EAMS2026.Infrastructure.Services.Erp.ReportService [ExecuteRawSql] 应用排序: [ddate] DESC, [cdcname] ASC
2026-06-28 18:20:21.632 +08:00 [INF] EAMS2026.Infrastructure.Services.Erp.ReportService [ExecuteRawSql] page=1, pageSize=50
2026-06-28 18:20:23.067 +08:00 [INF] EAMS2026.Infrastructure.Services.Erp.ReportService [ExecuteRawSql] COUNT结果: 5079
2026-06-28 18:20:23.069 +08:00 [INF] EAMS2026.Infrastructure.Services.Erp.ReportService [ExecuteRawSql] 分页SQL: SELECT * FROM (SELECT *, ROW_NUMBER() OVER (ORDER BY (SELECT NULL)) AS _rn FROM (SELECT year,month,ddate,cdcname,cpersonname,cpersoncode,cCusName,cCusAbbName,cShipAddress,cCusPerson,cdlcode,cmaker,cWhName,cInvTopClsName,cInvName,cInvCCode,cInvCName,iQuantity,iNum,isum
from dflView_eams_crossYearDispatch
where 1=1
    AND (ddate BETWEEN @_bf0 AND @_bf1 AND year = @_bf2 AND cpersoncode = @_bf3)
) AS _inner) AS _outer WHERE _rn BETWEEN @Start AND @End
2026-06-28 18:20:23.119 +08:00 [INF] EAMS2026.Infrastructure.Services.Erp.ReportService [ExecuteRawSql] 返回列数=21, 行数=50
2026-06-28 18:20:43.356 +08:00 [INF] EAMS2026.Infrastructure.Services.Erp.ReportService [ExecuteReport] reportId=2, userId=1
2026-06-28 18:20:43.370 +08:00 [INF] EAMS2026.Infrastructure.Services.Erp.ReportService [ExecuteReport] hasView=true
2026-06-28 18:20:43.378 +08:00 [INF] EAMS2026.Infrastructure.Services.Erp.ReportService [BuildFilterConditions] between: ddate 从 "2025-01-01T00:00:00.0000000+08:00" ~ "2026-06-23T00:00:00.0000000+08:00"
2026-06-28 18:20:43.380 +08:00 [INF] EAMS2026.Infrastructure.Services.Erp.ReportService [BuildFilterConditions] 生成条件: ddate BETWEEN @_bf0 AND @_bf1 AND year = @_bf2 AND cpersoncode = @_bf3
2026-06-28 18:20:43.383 +08:00 [INF] EAMS2026.Infrastructure.Services.Erp.ReportService [BuildFilterConditions] 修改后SQL: SELECT year,month,ddate,cdcname,cpersonname,cpersoncode,cCusName,cCusAbbName,cShipAddress,cCusPerson,cdlcode,cmaker,cWhName,cInvTopClsName,cInvName,cInvCCode,cInvCName,iQuantity,iNum,isum
from dflView_eams_crossYearDispatch
where 1=1
    AND (ddate BETWEEN @_bf0 AND @_bf1 AND year = @_bf2 AND cpersoncode = @_bf3)
2026-06-28 18:20:43.389 +08:00 [INF] EAMS2026.Infrastructure.Services.Erp.ReportService [BuildFilterConditions] 额外参数 _bf0 = "2025-01-01T00:00:00.0000000+08:00" (DateTime)
2026-06-28 18:20:43.392 +08:00 [INF] EAMS2026.Infrastructure.Services.Erp.ReportService [BuildFilterConditions] 额外参数 _bf1 = "2026-06-23T00:00:00.0000000+08:00" (DateTime)
2026-06-28 18:20:43.394 +08:00 [INF] EAMS2026.Infrastructure.Services.Erp.ReportService [BuildFilterConditions] 额外参数 _bf2 = 2026 (String)
2026-06-28 18:20:43.397 +08:00 [INF] EAMS2026.Infrastructure.Services.Erp.ReportService [BuildFilterConditions] 额外参数 _bf3 = 0207 (String)
2026-06-28 18:20:43.399 +08:00 [INF] EAMS2026.Infrastructure.Services.Erp.ReportService [ExecuteQueryInternal] 应用报表默认排序: ddate DESC, cdcname ASC
2026-06-28 18:20:43.402 +08:00 [INF] EAMS2026.Infrastructure.Services.Erp.ReportService [ExecuteRawSql] datasource=erp_u871_currentYear, isSqlServer=true, sql=SELECT year,month,ddate,cdcname,cpersonname,cpersoncode,cCusName,cCusAbbName,cShipAddress,cCusPerson,cdlcode,cmaker,cWhName,cInvTopClsName,cInvName,cInvCCode,cInvCName,iQuantity,iNum,isum
from dflView_eams_crossYearDispatch
where 1=1
    AND (ddate BETWEEN @_bf0 AND @_bf1 AND year = @_bf2 AND cpersoncode = @_bf3)
2026-06-28 18:20:43.405 +08:00 [INF] EAMS2026.Infrastructure.Services.Erp.ReportService [ExecuteRawSql] 归一化参数数: 7
2026-06-28 18:20:43.407 +08:00 [INF] EAMS2026.Infrastructure.Services.Erp.ReportService [ExecuteRawSql] 应用排序: [ddate] DESC, [cdcname] ASC
2026-06-28 18:20:43.408 +08:00 [INF] EAMS2026.Infrastructure.Services.Erp.ReportService [ExecuteRawSql] page=1, pageSize=0
2026-06-28 18:20:43.410 +08:00 [INF] EAMS2026.Infrastructure.Services.Erp.ReportService [ExecuteRawSql] 无分页SQL: SELECT year,month,ddate,cdcname,cpersonname,cpersoncode,cCusName,cCusAbbName,cShipAddress,cCusPerson,cdlcode,cmaker,cWhName,cInvTopClsName,cInvName,cInvCCode,cInvCName,iQuantity,iNum,isum
from dflView_eams_crossYearDispatch
where 1=1
    AND (ddate BETWEEN @_bf0 AND @_bf1 AND year = @_bf2 AND cpersoncode = @_bf3)
ORDER BY [ddate] DESC, [cdcname] ASC
2026-06-28 18:20:43.578 +08:00 [INF] EAMS2026.Infrastructure.Services.Erp.ReportService [ExecuteRawSql] 返回列数=20, 行数=5079
2026-06-28 18:25:46.406 +08:00 [INF] EAMS2026.Infrastructure.Services.Erp.ReportService [ExecuteReport] reportId=2, userId=1
2026-06-28 18:25:46.413 +08:00 [INF] EAMS2026.Infrastructure.Services.Erp.ReportService [ExecuteReport] hasView=true
2026-06-28 18:25:46.415 +08:00 [INF] EAMS2026.Infrastructure.Services.Erp.ReportService [BuildFilterConditions] between: ddate 从 "2025-01-01T00:00:00.0000000+08:00" ~ "2026-06-23T00:00:00.0000000+08:00"
2026-06-28 18:25:46.417 +08:00 [INF] EAMS2026.Infrastructure.Services.Erp.ReportService [BuildFilterConditions] 生成条件: ddate BETWEEN @_bf0 AND @_bf1 AND year = @_bf2 AND cpersoncode = @_bf3
2026-06-28 18:25:46.418 +08:00 [INF] EAMS2026.Infrastructure.Services.Erp.ReportService [BuildFilterConditions] 修改后SQL: SELECT year,month,ddate,cdcname,cpersonname,cpersoncode,cCusName,cCusAbbName,cShipAddress,cCusPerson,cdlcode,cmaker,cWhName,cInvTopClsName,cInvName,cInvCCode,cInvCName,iQuantity,iNum,isum
from dflView_eams_crossYearDispatch
where 1=1
    AND (ddate BETWEEN @_bf0 AND @_bf1 AND year = @_bf2 AND cpersoncode = @_bf3)
2026-06-28 18:25:46.420 +08:00 [INF] EAMS2026.Infrastructure.Services.Erp.ReportService [BuildFilterConditions] 额外参数 _bf0 = "2025-01-01T00:00:00.0000000+08:00" (DateTime)
2026-06-28 18:25:46.422 +08:00 [INF] EAMS2026.Infrastructure.Services.Erp.ReportService [BuildFilterConditions] 额外参数 _bf1 = "2026-06-23T00:00:00.0000000+08:00" (DateTime)
2026-06-28 18:25:46.425 +08:00 [INF] EAMS2026.Infrastructure.Services.Erp.ReportService [BuildFilterConditions] 额外参数 _bf2 = 2026 (String)
2026-06-28 18:25:46.427 +08:00 [INF] EAMS2026.Infrastructure.Services.Erp.ReportService [BuildFilterConditions] 额外参数 _bf3 = 0207 (String)
2026-06-28 18:25:46.430 +08:00 [INF] EAMS2026.Infrastructure.Services.Erp.ReportService [ExecuteQueryInternal] 应用报表默认排序: ddate DESC, cdcname ASC
2026-06-28 18:25:46.433 +08:00 [INF] EAMS2026.Infrastructure.Services.Erp.ReportService [ExecuteRawSql] datasource=erp_u871_currentYear, isSqlServer=true, sql=SELECT year,month,ddate,cdcname,cpersonname,cpersoncode,cCusName,cCusAbbName,cShipAddress,cCusPerson,cdlcode,cmaker,cWhName,cInvTopClsName,cInvName,cInvCCode,cInvCName,iQuantity,iNum,isum
from dflView_eams_crossYearDispatch
where 1=1
    AND (ddate BETWEEN @_bf0 AND @_bf1 AND year = @_bf2 AND cpersoncode = @_bf3)
2026-06-28 18:25:46.438 +08:00 [INF] EAMS2026.Infrastructure.Services.Erp.ReportService [ExecuteRawSql] 归一化参数数: 7
2026-06-28 18:25:46.443 +08:00 [INF] EAMS2026.Infrastructure.Services.Erp.ReportService [ExecuteRawSql] 应用排序: [ddate] DESC, [cdcname] ASC
2026-06-28 18:25:46.444 +08:00 [INF] EAMS2026.Infrastructure.Services.Erp.ReportService [ExecuteRawSql] page=1, pageSize=50
2026-06-28 18:25:47.856 +08:00 [INF] EAMS2026.Infrastructure.Services.Erp.ReportService [ExecuteRawSql] COUNT结果: 5079
2026-06-28 18:25:47.858 +08:00 [INF] EAMS2026.Infrastructure.Services.Erp.ReportService [ExecuteRawSql] 分页SQL: SELECT * FROM (SELECT *, ROW_NUMBER() OVER (ORDER BY (SELECT NULL)) AS _rn FROM (SELECT year,month,ddate,cdcname,cpersonname,cpersoncode,cCusName,cCusAbbName,cShipAddress,cCusPerson,cdlcode,cmaker,cWhName,cInvTopClsName,cInvName,cInvCCode,cInvCName,iQuantity,iNum,isum
from dflView_eams_crossYearDispatch
where 1=1
    AND (ddate BETWEEN @_bf0 AND @_bf1 AND year = @_bf2 AND cpersoncode = @_bf3)
) AS _inner) AS _outer WHERE _rn BETWEEN @Start AND @End
2026-06-28 18:25:47.882 +08:00 [INF] EAMS2026.Infrastructure.Services.Erp.ReportService [ExecuteRawSql] 返回列数=21, 行数=50
2026-06-28 18:26:09.550 +08:00 [INF] EAMS2026.Infrastructure.Services.Erp.ReportService [ExecuteReport] reportId=2, userId=1
2026-06-28 18:26:09.556 +08:00 [INF] EAMS2026.Infrastructure.Services.Erp.ReportService [ExecuteReport] hasView=true
2026-06-28 18:26:09.559 +08:00 [INF] EAMS2026.Infrastructure.Services.Erp.ReportService [BuildFilterConditions] between: ddate 从 "2025-01-01T00:00:00.0000000+08:00" ~ "2026-06-23T00:00:00.0000000+08:00"
2026-06-28 18:26:09.561 +08:00 [INF] EAMS2026.Infrastructure.Services.Erp.ReportService [BuildFilterConditions] 生成条件: ddate BETWEEN @_bf0 AND @_bf1 AND year = @_bf2 AND cpersoncode = @_bf3
2026-06-28 18:26:09.563 +08:00 [INF] EAMS2026.Infrastructure.Services.Erp.ReportService [BuildFilterConditions] 修改后SQL: SELECT year,month,ddate,cdcname,cpersonname,cpersoncode,cCusName,cCusAbbName,cShipAddress,cCusPerson,cdlcode,cmaker,cWhName,cInvTopClsName,cInvName,cInvCCode,cInvCName,iQuantity,iNum,isum
from dflView_eams_crossYearDispatch
where 1=1
    AND (ddate BETWEEN @_bf0 AND @_bf1 AND year = @_bf2 AND cpersoncode = @_bf3)
2026-06-28 18:26:09.565 +08:00 [INF] EAMS2026.Infrastructure.Services.Erp.ReportService [BuildFilterConditions] 额外参数 _bf0 = "2025-01-01T00:00:00.0000000+08:00" (DateTime)
2026-06-28 18:26:09.569 +08:00 [INF] EAMS2026.Infrastructure.Services.Erp.ReportService [BuildFilterConditions] 额外参数 _bf1 = "2026-06-23T00:00:00.0000000+08:00" (DateTime)
2026-06-28 18:26:09.571 +08:00 [INF] EAMS2026.Infrastructure.Services.Erp.ReportService [BuildFilterConditions] 额外参数 _bf2 = 2026 (String)
2026-06-28 18:26:09.574 +08:00 [INF] EAMS2026.Infrastructure.Services.Erp.ReportService [BuildFilterConditions] 额外参数 _bf3 = 0207 (String)
2026-06-28 18:26:09.577 +08:00 [INF] EAMS2026.Infrastructure.Services.Erp.ReportService [ExecuteQueryInternal] 应用报表默认排序: ddate DESC, cdcname ASC
2026-06-28 18:26:09.580 +08:00 [INF] EAMS2026.Infrastructure.Services.Erp.ReportService [ExecuteRawSql] datasource=erp_u871_currentYear, isSqlServer=true, sql=SELECT year,month,ddate,cdcname,cpersonname,cpersoncode,cCusName,cCusAbbName,cShipAddress,cCusPerson,cdlcode,cmaker,cWhName,cInvTopClsName,cInvName,cInvCCode,cInvCName,iQuantity,iNum,isum
from dflView_eams_crossYearDispatch
where 1=1
    AND (ddate BETWEEN @_bf0 AND @_bf1 AND year = @_bf2 AND cpersoncode = @_bf3)
2026-06-28 18:26:09.585 +08:00 [INF] EAMS2026.Infrastructure.Services.Erp.ReportService [ExecuteRawSql] 归一化参数数: 7
2026-06-28 18:26:09.587 +08:00 [INF] EAMS2026.Infrastructure.Services.Erp.ReportService [ExecuteRawSql] 应用排序: [ddate] DESC, [cdcname] ASC
2026-06-28 18:26:09.590 +08:00 [INF] EAMS2026.Infrastructure.Services.Erp.ReportService [ExecuteRawSql] page=1, pageSize=50
2026-06-28 18:26:09.736 +08:00 [INF] EAMS2026.Infrastructure.Services.Erp.ReportService [ExecuteRawSql] COUNT结果: 5079
2026-06-28 18:26:09.738 +08:00 [INF] EAMS2026.Infrastructure.Services.Erp.ReportService [ExecuteRawSql] 分页SQL: SELECT * FROM (SELECT *, ROW_NUMBER() OVER (ORDER BY (SELECT NULL)) AS _rn FROM (SELECT year,month,ddate,cdcname,cpersonname,cpersoncode,cCusName,cCusAbbName,cShipAddress,cCusPerson,cdlcode,cmaker,cWhName,cInvTopClsName,cInvName,cInvCCode,cInvCName,iQuantity,iNum,isum
from dflView_eams_crossYearDispatch
where 1=1
    AND (ddate BETWEEN @_bf0 AND @_bf1 AND year = @_bf2 AND cpersoncode = @_bf3)
) AS _inner) AS _outer WHERE _rn BETWEEN @Start AND @End
2026-06-28 18:26:09.763 +08:00 [INF] EAMS2026.Infrastructure.Services.Erp.ReportService [ExecuteRawSql] 返回列数=21, 行数=50
2026-06-28 18:28:48.150 +08:00 [INF] EAMS2026.Infrastructure.Services.Erp.ReportService [ExecuteReport] reportId=2, userId=1
2026-06-28 18:28:48.243 +08:00 [INF] EAMS2026.Infrastructure.Services.Erp.ReportService [ExecuteReport] hasView=true
2026-06-28 18:28:48.275 +08:00 [INF] EAMS2026.Infrastructure.Services.Erp.ReportService [BuildFilterConditions] between: ddate 从 "2025-01-01T00:00:00.0000000+08:00" ~ "2026-06-23T00:00:00.0000000+08:00"
2026-06-28 18:28:48.308 +08:00 [INF] EAMS2026.Infrastructure.Services.Erp.ReportService [BuildFilterConditions] 生成条件: ddate BETWEEN @_bf0 AND @_bf1 AND year = @_bf2 AND cpersoncode = @_bf3
2026-06-28 18:28:48.317 +08:00 [INF] EAMS2026.Infrastructure.Services.Erp.ReportService [BuildFilterConditions] 修改后SQL: SELECT year,month,ddate,cdcname,cpersonname,cpersoncode,cCusName,cCusAbbName,cShipAddress,cCusPerson,cdlcode,cmaker,cWhName,cInvTopClsName,cInvName,cInvCCode,cInvCName,iQuantity,iNum,isum
from dflView_eams_crossYearDispatch
where 1=1
    AND (ddate BETWEEN @_bf0 AND @_bf1 AND year = @_bf2 AND cpersoncode = @_bf3)
2026-06-28 18:28:48.321 +08:00 [INF] EAMS2026.Infrastructure.Services.Erp.ReportService [BuildFilterConditions] 额外参数 _bf0 = "2025-01-01T00:00:00.0000000+08:00" (DateTime)
2026-06-28 18:28:48.325 +08:00 [INF] EAMS2026.Infrastructure.Services.Erp.ReportService [BuildFilterConditions] 额外参数 _bf1 = "2026-06-23T00:00:00.0000000+08:00" (DateTime)
2026-06-28 18:28:48.330 +08:00 [INF] EAMS2026.Infrastructure.Services.Erp.ReportService [BuildFilterConditions] 额外参数 _bf2 = 2026 (String)
2026-06-28 18:28:48.334 +08:00 [INF] EAMS2026.Infrastructure.Services.Erp.ReportService [BuildFilterConditions] 额外参数 _bf3 = 0207 (String)
2026-06-28 18:28:48.356 +08:00 [INF] EAMS2026.Infrastructure.Services.Erp.ReportService [ExecuteQueryInternal] 应用报表默认排序: ddate DESC, cdcname ASC
2026-06-28 18:28:48.361 +08:00 [INF] EAMS2026.Infrastructure.Services.Erp.ReportService [ExecuteRawSql] datasource=erp_u871_currentYear, isSqlServer=true, sql=SELECT year,month,ddate,cdcname,cpersonname,cpersoncode,cCusName,cCusAbbName,cShipAddress,cCusPerson,cdlcode,cmaker,cWhName,cInvTopClsName,cInvName,cInvCCode,cInvCName,iQuantity,iNum,isum
from dflView_eams_crossYearDispatch
where 1=1
    AND (ddate BETWEEN @_bf0 AND @_bf1 AND year = @_bf2 AND cpersoncode = @_bf3)
2026-06-28 18:28:48.364 +08:00 [INF] EAMS2026.Infrastructure.Services.Erp.ReportService [ExecuteRawSql] 归一化参数数: 7
2026-06-28 18:28:48.366 +08:00 [INF] EAMS2026.Infrastructure.Services.Erp.ReportService [ExecuteRawSql] 应用排序: [ddate] DESC, [cdcname] ASC
2026-06-28 18:28:48.369 +08:00 [INF] EAMS2026.Infrastructure.Services.Erp.ReportService [ExecuteRawSql] page=1, pageSize=50
2026-06-28 18:28:48.506 +08:00 [INF] EAMS2026.Infrastructure.Services.Erp.ReportService [ExecuteRawSql] COUNT结果: 5079
2026-06-28 18:28:48.514 +08:00 [INF] EAMS2026.Infrastructure.Services.Erp.ReportService [ExecuteRawSql] 分页SQL: SELECT * FROM (SELECT *, ROW_NUMBER() OVER (ORDER BY (SELECT NULL)) AS _rn FROM (SELECT year,month,ddate,cdcname,cpersonname,cpersoncode,cCusName,cCusAbbName,cShipAddress,cCusPerson,cdlcode,cmaker,cWhName,cInvTopClsName,cInvName,cInvCCode,cInvCName,iQuantity,iNum,isum
from dflView_eams_crossYearDispatch
where 1=1
    AND (ddate BETWEEN @_bf0 AND @_bf1 AND year = @_bf2 AND cpersoncode = @_bf3)
) AS _inner) AS _outer WHERE _rn BETWEEN @Start AND @End
2026-06-28 18:28:48.539 +08:00 [INF] EAMS2026.Infrastructure.Services.Erp.ReportService [ExecuteRawSql] 返回列数=21, 行数=50
2026-06-28 18:28:58.839 +08:00 [INF] EAMS2026.Infrastructure.Services.Erp.ReportService [ExecuteReport] reportId=2, userId=1
2026-06-28 18:28:58.895 +08:00 [INF] EAMS2026.Infrastructure.Services.Erp.ReportService [ExecuteReport] hasView=true
2026-06-28 18:28:58.902 +08:00 [INF] EAMS2026.Infrastructure.Services.Erp.ReportService [BuildFilterConditions] between: ddate 从 "2025-01-01T00:00:00.0000000+08:00" ~ "2026-06-23T00:00:00.0000000+08:00"
2026-06-28 18:28:58.905 +08:00 [INF] EAMS2026.Infrastructure.Services.Erp.ReportService [BuildFilterConditions] 生成条件: ddate BETWEEN @_bf0 AND @_bf1 AND year = @_bf2 AND cpersoncode = @_bf3
2026-06-28 18:28:58.913 +08:00 [INF] EAMS2026.Infrastructure.Services.Erp.ReportService [BuildFilterConditions] 修改后SQL: SELECT year,month,ddate,cdcname,cpersonname,cpersoncode,cCusName,cCusAbbName,cShipAddress,cCusPerson,cdlcode,cmaker,cWhName,cInvTopClsName,cInvName,cInvCCode,cInvCName,iQuantity,iNum,isum
from dflView_eams_crossYearDispatch
where 1=1
    AND (ddate BETWEEN @_bf0 AND @_bf1 AND year = @_bf2 AND cpersoncode = @_bf3)
2026-06-28 18:28:58.917 +08:00 [INF] EAMS2026.Infrastructure.Services.Erp.ReportService [BuildFilterConditions] 额外参数 _bf0 = "2025-01-01T00:00:00.0000000+08:00" (DateTime)
2026-06-28 18:28:58.921 +08:00 [INF] EAMS2026.Infrastructure.Services.Erp.ReportService [BuildFilterConditions] 额外参数 _bf1 = "2026-06-23T00:00:00.0000000+08:00" (DateTime)
2026-06-28 18:28:58.924 +08:00 [INF] EAMS2026.Infrastructure.Services.Erp.ReportService [BuildFilterConditions] 额外参数 _bf2 = 2026 (String)
2026-06-28 18:28:58.929 +08:00 [INF] EAMS2026.Infrastructure.Services.Erp.ReportService [BuildFilterConditions] 额外参数 _bf3 = 0207 (String)
2026-06-28 18:28:58.934 +08:00 [INF] EAMS2026.Infrastructure.Services.Erp.ReportService [ExecuteQueryInternal] 应用报表默认排序: ddate DESC, cdcname ASC
2026-06-28 18:28:58.946 +08:00 [INF] EAMS2026.Infrastructure.Services.Erp.ReportService [ExecuteRawSql] datasource=erp_u871_currentYear, isSqlServer=true, sql=SELECT year,month,ddate,cdcname,cpersonname,cpersoncode,cCusName,cCusAbbName,cShipAddress,cCusPerson,cdlcode,cmaker,cWhName,cInvTopClsName,cInvName,cInvCCode,cInvCName,iQuantity,iNum,isum
from dflView_eams_crossYearDispatch
where 1=1
    AND (ddate BETWEEN @_bf0 AND @_bf1 AND year = @_bf2 AND cpersoncode = @_bf3)
2026-06-28 18:28:58.951 +08:00 [INF] EAMS2026.Infrastructure.Services.Erp.ReportService [ExecuteRawSql] 归一化参数数: 7
2026-06-28 18:28:58.954 +08:00 [INF] EAMS2026.Infrastructure.Services.Erp.ReportService [ExecuteRawSql] 应用排序: [ddate] DESC, [cdcname] ASC
2026-06-28 18:28:58.956 +08:00 [INF] EAMS2026.Infrastructure.Services.Erp.ReportService [ExecuteRawSql] page=1, pageSize=50
2026-06-28 18:28:59.099 +08:00 [INF] EAMS2026.Infrastructure.Services.Erp.ReportService [ExecuteRawSql] COUNT结果: 5079
2026-06-28 18:28:59.102 +08:00 [INF] EAMS2026.Infrastructure.Services.Erp.ReportService [ExecuteRawSql] 分页SQL: SELECT * FROM (SELECT *, ROW_NUMBER() OVER (ORDER BY (SELECT NULL)) AS _rn FROM (SELECT year,month,ddate,cdcname,cpersonname,cpersoncode,cCusName,cCusAbbName,cShipAddress,cCusPerson,cdlcode,cmaker,cWhName,cInvTopClsName,cInvName,cInvCCode,cInvCName,iQuantity,iNum,isum
from dflView_eams_crossYearDispatch
where 1=1
    AND (ddate BETWEEN @_bf0 AND @_bf1 AND year = @_bf2 AND cpersoncode = @_bf3)
) AS _inner) AS _outer WHERE _rn BETWEEN @Start AND @End
2026-06-28 18:28:59.129 +08:00 [INF] EAMS2026.Infrastructure.Services.Erp.ReportService [ExecuteRawSql] 返回列数=21, 行数=50
2026-06-28 18:29:24.267 +08:00 [INF] EAMS2026.Infrastructure.Services.Erp.ReportService [ExecuteReport] reportId=2, userId=1
2026-06-28 18:29:24.289 +08:00 [INF] EAMS2026.Infrastructure.Services.Erp.ReportService [ExecuteReport] hasView=true
2026-06-28 18:29:24.294 +08:00 [INF] EAMS2026.Infrastructure.Services.Erp.ReportService [BuildFilterConditions] between: ddate 从 "2025-01-01T00:00:00.0000000+08:00" ~ "2026-06-23T00:00:00.0000000+08:00"
2026-06-28 18:29:24.299 +08:00 [INF] EAMS2026.Infrastructure.Services.Erp.ReportService [BuildFilterConditions] 生成条件: ddate BETWEEN @_bf0 AND @_bf1 AND year = @_bf2 AND cpersoncode = @_bf3
2026-06-28 18:29:24.305 +08:00 [INF] EAMS2026.Infrastructure.Services.Erp.ReportService [BuildFilterConditions] 修改后SQL: SELECT year,month,ddate,cdcname,cpersonname,cpersoncode,cCusName,cCusAbbName,cShipAddress,cCusPerson,cdlcode,cmaker,cWhName,cInvTopClsName,cInvName,cInvCCode,cInvCName,iQuantity,iNum,isum
from dflView_eams_crossYearDispatch
where 1=1
    AND (ddate BETWEEN @_bf0 AND @_bf1 AND year = @_bf2 AND cpersoncode = @_bf3)
2026-06-28 18:29:24.306 +08:00 [INF] EAMS2026.Infrastructure.Services.Erp.ReportService [BuildFilterConditions] 额外参数 _bf0 = "2025-01-01T00:00:00.0000000+08:00" (DateTime)
2026-06-28 18:29:24.309 +08:00 [INF] EAMS2026.Infrastructure.Services.Erp.ReportService [BuildFilterConditions] 额外参数 _bf1 = "2026-06-23T00:00:00.0000000+08:00" (DateTime)
2026-06-28 18:29:24.319 +08:00 [INF] EAMS2026.Infrastructure.Services.Erp.ReportService [BuildFilterConditions] 额外参数 _bf2 = 2026 (String)
2026-06-28 18:29:24.326 +08:00 [INF] EAMS2026.Infrastructure.Services.Erp.ReportService [BuildFilterConditions] 额外参数 _bf3 = 0207 (String)
2026-06-28 18:29:24.330 +08:00 [INF] EAMS2026.Infrastructure.Services.Erp.ReportService [ExecuteQueryInternal] 应用报表默认排序: ddate DESC, cdcname ASC
2026-06-28 18:29:24.333 +08:00 [INF] EAMS2026.Infrastructure.Services.Erp.ReportService [ExecuteRawSql] datasource=erp_u871_currentYear, isSqlServer=true, sql=SELECT year,month,ddate,cdcname,cpersonname,cpersoncode,cCusName,cCusAbbName,cShipAddress,cCusPerson,cdlcode,cmaker,cWhName,cInvTopClsName,cInvName,cInvCCode,cInvCName,iQuantity,iNum,isum
from dflView_eams_crossYearDispatch
where 1=1
    AND (ddate BETWEEN @_bf0 AND @_bf1 AND year = @_bf2 AND cpersoncode = @_bf3)
2026-06-28 18:29:24.335 +08:00 [INF] EAMS2026.Infrastructure.Services.Erp.ReportService [ExecuteRawSql] 归一化参数数: 7
2026-06-28 18:29:24.337 +08:00 [INF] EAMS2026.Infrastructure.Services.Erp.ReportService [ExecuteRawSql] 应用排序: [ddate] DESC, [cdcname] ASC
2026-06-28 18:29:24.338 +08:00 [INF] EAMS2026.Infrastructure.Services.Erp.ReportService [ExecuteRawSql] page=1, pageSize=50
2026-06-28 18:29:24.540 +08:00 [INF] EAMS2026.Infrastructure.Services.Erp.ReportService [ExecuteRawSql] COUNT结果: 5079
2026-06-28 18:29:24.682 +08:00 [INF] EAMS2026.Infrastructure.Services.Erp.ReportService [ExecuteRawSql] 分页SQL: SELECT * FROM (SELECT *, ROW_NUMBER() OVER (ORDER BY (SELECT NULL)) AS _rn FROM (SELECT year,month,ddate,cdcname,cpersonname,cpersoncode,cCusName,cCusAbbName,cShipAddress,cCusPerson,cdlcode,cmaker,cWhName,cInvTopClsName,cInvName,cInvCCode,cInvCName,iQuantity,iNum,isum
from dflView_eams_crossYearDispatch
where 1=1
    AND (ddate BETWEEN @_bf0 AND @_bf1 AND year = @_bf2 AND cpersoncode = @_bf3)
) AS _inner) AS _outer WHERE _rn BETWEEN @Start AND @End
2026-06-28 18:29:24.727 +08:00 [INF] EAMS2026.Infrastructure.Services.Erp.ReportService [ExecuteRawSql] 返回列数=21, 行数=50
2026-06-28 18:29:29.131 +08:00 [INF] EAMS2026.Infrastructure.Services.Erp.ReportService [ExecuteReport] reportId=2, userId=1
2026-06-28 18:29:29.151 +08:00 [INF] EAMS2026.Infrastructure.Services.Erp.ReportService [ExecuteReport] hasView=true
2026-06-28 18:29:29.174 +08:00 [INF] EAMS2026.Infrastructure.Services.Erp.ReportService [BuildFilterConditions] between: ddate 从 "2025-01-01T00:00:00.0000000+08:00" ~ "2026-06-23T00:00:00.0000000+08:00"
2026-06-28 18:29:29.203 +08:00 [INF] EAMS2026.Infrastructure.Services.Erp.ReportService [BuildFilterConditions] 生成条件: ddate BETWEEN @_bf0 AND @_bf1 AND year = @_bf2 AND cpersoncode = @_bf3
2026-06-28 18:29:29.210 +08:00 [INF] EAMS2026.Infrastructure.Services.Erp.ReportService [BuildFilterConditions] 修改后SQL: SELECT year,month,ddate,cdcname,cpersonname,cpersoncode,cCusName,cCusAbbName,cShipAddress,cCusPerson,cdlcode,cmaker,cWhName,cInvTopClsName,cInvName,cInvCCode,cInvCName,iQuantity,iNum,isum
from dflView_eams_crossYearDispatch
where 1=1
    AND (ddate BETWEEN @_bf0 AND @_bf1 AND year = @_bf2 AND cpersoncode = @_bf3)
2026-06-28 18:29:29.214 +08:00 [INF] EAMS2026.Infrastructure.Services.Erp.ReportService [BuildFilterConditions] 额外参数 _bf0 = "2025-01-01T00:00:00.0000000+08:00" (DateTime)
2026-06-28 18:29:29.228 +08:00 [INF] EAMS2026.Infrastructure.Services.Erp.ReportService [BuildFilterConditions] 额外参数 _bf1 = "2026-06-23T00:00:00.0000000+08:00" (DateTime)
2026-06-28 18:29:29.231 +08:00 [INF] EAMS2026.Infrastructure.Services.Erp.ReportService [BuildFilterConditions] 额外参数 _bf2 = 2026 (String)
2026-06-28 18:29:29.239 +08:00 [INF] EAMS2026.Infrastructure.Services.Erp.ReportService [BuildFilterConditions] 额外参数 _bf3 = 0207 (String)
2026-06-28 18:29:29.243 +08:00 [INF] EAMS2026.Infrastructure.Services.Erp.ReportService [ExecuteQueryInternal] 应用报表默认排序: ddate DESC, cdcname ASC
2026-06-28 18:29:29.249 +08:00 [INF] EAMS2026.Infrastructure.Services.Erp.ReportService [ExecuteRawSql] datasource=erp_u871_currentYear, isSqlServer=true, sql=SELECT year,month,ddate,cdcname,cpersonname,cpersoncode,cCusName,cCusAbbName,cShipAddress,cCusPerson,cdlcode,cmaker,cWhName,cInvTopClsName,cInvName,cInvCCode,cInvCName,iQuantity,iNum,isum
from dflView_eams_crossYearDispatch
where 1=1
    AND (ddate BETWEEN @_bf0 AND @_bf1 AND year = @_bf2 AND cpersoncode = @_bf3)
2026-06-28 18:29:29.260 +08:00 [INF] EAMS2026.Infrastructure.Services.Erp.ReportService [ExecuteRawSql] 归一化参数数: 7
2026-06-28 18:29:29.262 +08:00 [INF] EAMS2026.Infrastructure.Services.Erp.ReportService [ExecuteRawSql] 应用排序: [ddate] DESC, [cdcname] ASC
2026-06-28 18:29:29.264 +08:00 [INF] EAMS2026.Infrastructure.Services.Erp.ReportService [ExecuteRawSql] page=1, pageSize=50
2026-06-28 18:29:29.409 +08:00 [INF] EAMS2026.Infrastructure.Services.Erp.ReportService [ExecuteRawSql] COUNT结果: 5079
2026-06-28 18:29:29.422 +08:00 [INF] EAMS2026.Infrastructure.Services.Erp.ReportService [ExecuteRawSql] 分页SQL: SELECT * FROM (SELECT *, ROW_NUMBER() OVER (ORDER BY (SELECT NULL)) AS _rn FROM (SELECT year,month,ddate,cdcname,cpersonname,cpersoncode,cCusName,cCusAbbName,cShipAddress,cCusPerson,cdlcode,cmaker,cWhName,cInvTopClsName,cInvName,cInvCCode,cInvCName,iQuantity,iNum,isum
from dflView_eams_crossYearDispatch
where 1=1
    AND (ddate BETWEEN @_bf0 AND @_bf1 AND year = @_bf2 AND cpersoncode = @_bf3)
) AS _inner) AS _outer WHERE _rn BETWEEN @Start AND @End
2026-06-28 18:29:29.467 +08:00 [INF] EAMS2026.Infrastructure.Services.Erp.ReportService [ExecuteRawSql] 返回列数=21, 行数=50
2026-06-28 18:36:01.010 +08:00 [INF] EAMS2026.Infrastructure.Services.Erp.ReportService [ExecuteReport] reportId=2, userId=1
2026-06-28 18:36:01.019 +08:00 [INF] EAMS2026.Infrastructure.Services.Erp.ReportService [ExecuteReport] hasView=true
2026-06-28 18:36:01.020 +08:00 [INF] EAMS2026.Infrastructure.Services.Erp.ReportService [BuildFilterConditions] between: ddate 从 "2025-01-01T00:00:00.0000000+08:00" ~ "2026-06-23T00:00:00.0000000+08:00"
2026-06-28 18:36:01.029 +08:00 [INF] EAMS2026.Infrastructure.Services.Erp.ReportService [BuildFilterConditions] 生成条件: ddate BETWEEN @_bf0 AND @_bf1 AND year = @_bf2 AND cpersoncode = @_bf3
2026-06-28 18:36:01.032 +08:00 [INF] EAMS2026.Infrastructure.Services.Erp.ReportService [BuildFilterConditions] 修改后SQL: SELECT year,month,ddate,cdcname,cpersonname,cpersoncode,cCusName,cCusAbbName,cShipAddress,cCusPerson,cdlcode,cmaker,cWhName,cInvTopClsName,cInvName,cInvCCode,cInvCName,iQuantity,iNum,isum
from dflView_eams_crossYearDispatch
where 1=1
    AND (ddate BETWEEN @_bf0 AND @_bf1 AND year = @_bf2 AND cpersoncode = @_bf3)
2026-06-28 18:36:01.032 +08:00 [INF] EAMS2026.Infrastructure.Services.Erp.ReportService [BuildFilterConditions] 额外参数 _bf0 = "2025-01-01T00:00:00.0000000+08:00" (DateTime)
2026-06-28 18:36:01.034 +08:00 [INF] EAMS2026.Infrastructure.Services.Erp.ReportService [BuildFilterConditions] 额外参数 _bf1 = "2026-06-23T00:00:00.0000000+08:00" (DateTime)
2026-06-28 18:36:01.038 +08:00 [INF] EAMS2026.Infrastructure.Services.Erp.ReportService [BuildFilterConditions] 额外参数 _bf2 = 2026 (String)
2026-06-28 18:36:01.042 +08:00 [INF] EAMS2026.Infrastructure.Services.Erp.ReportService [BuildFilterConditions] 额外参数 _bf3 = 0207 (String)
2026-06-28 18:36:01.047 +08:00 [INF] EAMS2026.Infrastructure.Services.Erp.ReportService [ExecuteQueryInternal] 应用报表默认排序: ddate DESC, cdcname ASC
2026-06-28 18:36:01.071 +08:00 [INF] EAMS2026.Infrastructure.Services.Erp.ReportService [ExecuteRawSql] datasource=erp_u871_currentYear, isSqlServer=true, sql=SELECT year,month,ddate,cdcname,cpersonname,cpersoncode,cCusName,cCusAbbName,cShipAddress,cCusPerson,cdlcode,cmaker,cWhName,cInvTopClsName,cInvName,cInvCCode,cInvCName,iQuantity,iNum,isum
from dflView_eams_crossYearDispatch
where 1=1
    AND (ddate BETWEEN @_bf0 AND @_bf1 AND year = @_bf2 AND cpersoncode = @_bf3)
2026-06-28 18:36:01.082 +08:00 [INF] EAMS2026.Infrastructure.Services.Erp.ReportService [ExecuteRawSql] 归一化参数数: 7
2026-06-28 18:36:01.090 +08:00 [INF] EAMS2026.Infrastructure.Services.Erp.ReportService [ExecuteRawSql] 应用排序: [ddate] DESC, [cdcname] ASC
2026-06-28 18:36:01.093 +08:00 [INF] EAMS2026.Infrastructure.Services.Erp.ReportService [ExecuteRawSql] page=1, pageSize=50
2026-06-28 18:36:02.501 +08:00 [INF] EAMS2026.Infrastructure.Services.Erp.ReportService [ExecuteRawSql] COUNT结果: 5079
2026-06-28 18:36:02.502 +08:00 [INF] EAMS2026.Infrastructure.Services.Erp.ReportService [ExecuteRawSql] 分页SQL: SELECT * FROM (SELECT *, ROW_NUMBER() OVER (ORDER BY (SELECT NULL)) AS _rn FROM (SELECT year,month,ddate,cdcname,cpersonname,cpersoncode,cCusName,cCusAbbName,cShipAddress,cCusPerson,cdlcode,cmaker,cWhName,cInvTopClsName,cInvName,cInvCCode,cInvCName,iQuantity,iNum,isum
from dflView_eams_crossYearDispatch
where 1=1
    AND (ddate BETWEEN @_bf0 AND @_bf1 AND year = @_bf2 AND cpersoncode = @_bf3)
) AS _inner) AS _outer WHERE _rn BETWEEN @Start AND @End
2026-06-28 18:36:02.526 +08:00 [INF] EAMS2026.Infrastructure.Services.Erp.ReportService [ExecuteRawSql] 返回列数=21, 行数=50
2026-06-28 18:36:06.659 +08:00 [INF] EAMS2026.Infrastructure.Services.Erp.ReportService [ExecuteReport] reportId=2, userId=1
2026-06-28 18:36:06.664 +08:00 [INF] EAMS2026.Infrastructure.Services.Erp.ReportService [ExecuteReport] hasView=true
2026-06-28 18:36:06.666 +08:00 [INF] EAMS2026.Infrastructure.Services.Erp.ReportService [BuildFilterConditions] between: ddate 从 "2025-01-01T00:00:00.0000000+08:00" ~ "2026-06-23T00:00:00.0000000+08:00"
2026-06-28 18:36:06.668 +08:00 [INF] EAMS2026.Infrastructure.Services.Erp.ReportService [BuildFilterConditions] 生成条件: ddate BETWEEN @_bf0 AND @_bf1 AND year = @_bf2 AND cpersoncode = @_bf3
2026-06-28 18:36:06.669 +08:00 [INF] EAMS2026.Infrastructure.Services.Erp.ReportService [BuildFilterConditions] 修改后SQL: SELECT year,month,ddate,cdcname,cpersonname,cpersoncode,cCusName,cCusAbbName,cShipAddress,cCusPerson,cdlcode,cmaker,cWhName,cInvTopClsName,cInvName,cInvCCode,cInvCName,iQuantity,iNum,isum
from dflView_eams_crossYearDispatch
where 1=1
    AND (ddate BETWEEN @_bf0 AND @_bf1 AND year = @_bf2 AND cpersoncode = @_bf3)
2026-06-28 18:36:06.670 +08:00 [INF] EAMS2026.Infrastructure.Services.Erp.ReportService [BuildFilterConditions] 额外参数 _bf0 = "2025-01-01T00:00:00.0000000+08:00" (DateTime)
2026-06-28 18:36:06.674 +08:00 [INF] EAMS2026.Infrastructure.Services.Erp.ReportService [BuildFilterConditions] 额外参数 _bf1 = "2026-06-23T00:00:00.0000000+08:00" (DateTime)
2026-06-28 18:36:06.682 +08:00 [INF] EAMS2026.Infrastructure.Services.Erp.ReportService [BuildFilterConditions] 额外参数 _bf2 = 2026 (String)
2026-06-28 18:36:06.684 +08:00 [INF] EAMS2026.Infrastructure.Services.Erp.ReportService [BuildFilterConditions] 额外参数 _bf3 = 0207 (String)
2026-06-28 18:36:06.686 +08:00 [INF] EAMS2026.Infrastructure.Services.Erp.ReportService [ExecuteQueryInternal] 应用报表默认排序: ddate DESC, cdcname ASC
2026-06-28 18:36:06.689 +08:00 [INF] EAMS2026.Infrastructure.Services.Erp.ReportService [ExecuteRawSql] datasource=erp_u871_currentYear, isSqlServer=true, sql=SELECT year,month,ddate,cdcname,cpersonname,cpersoncode,cCusName,cCusAbbName,cShipAddress,cCusPerson,cdlcode,cmaker,cWhName,cInvTopClsName,cInvName,cInvCCode,cInvCName,iQuantity,iNum,isum
from dflView_eams_crossYearDispatch
where 1=1
    AND (ddate BETWEEN @_bf0 AND @_bf1 AND year = @_bf2 AND cpersoncode = @_bf3)
2026-06-28 18:36:06.691 +08:00 [INF] EAMS2026.Infrastructure.Services.Erp.ReportService [ExecuteRawSql] 归一化参数数: 7
2026-06-28 18:36:06.692 +08:00 [INF] EAMS2026.Infrastructure.Services.Erp.ReportService [ExecuteRawSql] 应用排序: [ddate] DESC, [cdcname] ASC
2026-06-28 18:36:06.693 +08:00 [INF] EAMS2026.Infrastructure.Services.Erp.ReportService [ExecuteRawSql] page=1, pageSize=50
2026-06-28 18:36:06.837 +08:00 [INF] EAMS2026.Infrastructure.Services.Erp.ReportService [ExecuteRawSql] COUNT结果: 5079
2026-06-28 18:36:06.838 +08:00 [INF] EAMS2026.Infrastructure.Services.Erp.ReportService [ExecuteRawSql] 分页SQL: SELECT * FROM (SELECT *, ROW_NUMBER() OVER (ORDER BY (SELECT NULL)) AS _rn FROM (SELECT year,month,ddate,cdcname,cpersonname,cpersoncode,cCusName,cCusAbbName,cShipAddress,cCusPerson,cdlcode,cmaker,cWhName,cInvTopClsName,cInvName,cInvCCode,cInvCName,iQuantity,iNum,isum
from dflView_eams_crossYearDispatch
where 1=1
    AND (ddate BETWEEN @_bf0 AND @_bf1 AND year = @_bf2 AND cpersoncode = @_bf3)
) AS _inner) AS _outer WHERE _rn BETWEEN @Start AND @End
2026-06-28 18:36:06.862 +08:00 [INF] EAMS2026.Infrastructure.Services.Erp.ReportService [ExecuteRawSql] 返回列数=21, 行数=50
2026-06-28 18:38:36.616 +08:00 [INF] EAMS2026.Infrastructure.Services.Erp.ReportService [ExecuteReport] reportId=2, userId=1
2026-06-28 18:38:36.651 +08:00 [INF] EAMS2026.Infrastructure.Services.Erp.ReportService [ExecuteReport] hasView=true
2026-06-28 18:38:36.652 +08:00 [INF] EAMS2026.Infrastructure.Services.Erp.ReportService [BuildFilterConditions] between: ddate 从 "2025-01-01T00:00:00.0000000+08:00" ~ "2026-06-23T00:00:00.0000000+08:00"
2026-06-28 18:38:36.654 +08:00 [INF] EAMS2026.Infrastructure.Services.Erp.ReportService [BuildFilterConditions] 生成条件: ddate BETWEEN @_bf0 AND @_bf1 AND year = @_bf2 AND cpersoncode = @_bf3
2026-06-28 18:38:36.656 +08:00 [INF] EAMS2026.Infrastructure.Services.Erp.ReportService [BuildFilterConditions] 修改后SQL: SELECT year,month,ddate,cdcname,cpersonname,cpersoncode,cCusName,cCusAbbName,cShipAddress,cCusPerson,cdlcode,cmaker,cWhName,cInvTopClsName,cInvName,cInvCCode,cInvCName,iQuantity,iNum,isum
from dflView_eams_crossYearDispatch
where 1=1
    AND (ddate BETWEEN @_bf0 AND @_bf1 AND year = @_bf2 AND cpersoncode = @_bf3)
2026-06-28 18:38:36.658 +08:00 [INF] EAMS2026.Infrastructure.Services.Erp.ReportService [BuildFilterConditions] 额外参数 _bf0 = "2025-01-01T00:00:00.0000000+08:00" (DateTime)
2026-06-28 18:38:36.660 +08:00 [INF] EAMS2026.Infrastructure.Services.Erp.ReportService [BuildFilterConditions] 额外参数 _bf1 = "2026-06-23T00:00:00.0000000+08:00" (DateTime)
2026-06-28 18:38:36.663 +08:00 [INF] EAMS2026.Infrastructure.Services.Erp.ReportService [BuildFilterConditions] 额外参数 _bf2 = 2026 (String)
2026-06-28 18:38:36.665 +08:00 [INF] EAMS2026.Infrastructure.Services.Erp.ReportService [BuildFilterConditions] 额外参数 _bf3 = 0207 (String)
2026-06-28 18:38:36.667 +08:00 [INF] EAMS2026.Infrastructure.Services.Erp.ReportService [ExecuteQueryInternal] 应用报表默认排序: ddate DESC, cdcname ASC
2026-06-28 18:38:36.670 +08:00 [INF] EAMS2026.Infrastructure.Services.Erp.ReportService [ExecuteRawSql] datasource=erp_u871_currentYear, isSqlServer=true, sql=SELECT year,month,ddate,cdcname,cpersonname,cpersoncode,cCusName,cCusAbbName,cShipAddress,cCusPerson,cdlcode,cmaker,cWhName,cInvTopClsName,cInvName,cInvCCode,cInvCName,iQuantity,iNum,isum
from dflView_eams_crossYearDispatch
where 1=1
    AND (ddate BETWEEN @_bf0 AND @_bf1 AND year = @_bf2 AND cpersoncode = @_bf3)
2026-06-28 18:38:36.672 +08:00 [INF] EAMS2026.Infrastructure.Services.Erp.ReportService [ExecuteRawSql] 归一化参数数: 7
2026-06-28 18:38:36.681 +08:00 [INF] EAMS2026.Infrastructure.Services.Erp.ReportService [ExecuteRawSql] 应用排序: [ddate] DESC, [cdcname] ASC
2026-06-28 18:38:36.687 +08:00 [INF] EAMS2026.Infrastructure.Services.Erp.ReportService [ExecuteRawSql] page=1, pageSize=50
2026-06-28 18:38:36.824 +08:00 [INF] EAMS2026.Infrastructure.Services.Erp.ReportService [ExecuteRawSql] COUNT结果: 5079
2026-06-28 18:38:36.826 +08:00 [INF] EAMS2026.Infrastructure.Services.Erp.ReportService [ExecuteRawSql] 分页SQL: SELECT * FROM (SELECT *, ROW_NUMBER() OVER (ORDER BY (SELECT NULL)) AS _rn FROM (SELECT year,month,ddate,cdcname,cpersonname,cpersoncode,cCusName,cCusAbbName,cShipAddress,cCusPerson,cdlcode,cmaker,cWhName,cInvTopClsName,cInvName,cInvCCode,cInvCName,iQuantity,iNum,isum
from dflView_eams_crossYearDispatch
where 1=1
    AND (ddate BETWEEN @_bf0 AND @_bf1 AND year = @_bf2 AND cpersoncode = @_bf3)
) AS _inner) AS _outer WHERE _rn BETWEEN @Start AND @End
2026-06-28 18:38:36.851 +08:00 [INF] EAMS2026.Infrastructure.Services.Erp.ReportService [ExecuteRawSql] 返回列数=21, 行数=50
2026-06-28 18:41:31.655 +08:00 [INF] EAMS2026.Infrastructure.Services.Erp.ReportService [ExecuteReport] reportId=2, userId=1
2026-06-28 18:41:31.660 +08:00 [INF] EAMS2026.Infrastructure.Services.Erp.ReportService [ExecuteReport] hasView=true
2026-06-28 18:41:31.662 +08:00 [INF] EAMS2026.Infrastructure.Services.Erp.ReportService [BuildFilterConditions] between: ddate 从 "2025-01-01T00:00:00.0000000+08:00" ~ "2026-06-23T00:00:00.0000000+08:00"
2026-06-28 18:41:31.664 +08:00 [INF] EAMS2026.Infrastructure.Services.Erp.ReportService [BuildFilterConditions] 生成条件: ddate BETWEEN @_bf0 AND @_bf1 AND year = @_bf2 AND cpersoncode = @_bf3
2026-06-28 18:41:31.665 +08:00 [INF] EAMS2026.Infrastructure.Services.Erp.ReportService [BuildFilterConditions] 修改后SQL: SELECT year,month,ddate,cdcname,cpersonname,cpersoncode,cCusName,cCusAbbName,cShipAddress,cCusPerson,cdlcode,cmaker,cWhName,cInvTopClsName,cInvName,cInvCCode,cInvCName,iQuantity,iNum,isum
from dflView_eams_crossYearDispatch
where 1=1
    AND (ddate BETWEEN @_bf0 AND @_bf1 AND year = @_bf2 AND cpersoncode = @_bf3)
2026-06-28 18:41:31.665 +08:00 [INF] EAMS2026.Infrastructure.Services.Erp.ReportService [BuildFilterConditions] 额外参数 _bf0 = "2025-01-01T00:00:00.0000000+08:00" (DateTime)
2026-06-28 18:41:31.667 +08:00 [INF] EAMS2026.Infrastructure.Services.Erp.ReportService [BuildFilterConditions] 额外参数 _bf1 = "2026-06-23T00:00:00.0000000+08:00" (DateTime)
2026-06-28 18:41:31.669 +08:00 [INF] EAMS2026.Infrastructure.Services.Erp.ReportService [BuildFilterConditions] 额外参数 _bf2 = 2026 (String)
2026-06-28 18:41:31.672 +08:00 [INF] EAMS2026.Infrastructure.Services.Erp.ReportService [BuildFilterConditions] 额外参数 _bf3 = 0207 (String)
2026-06-28 18:41:31.675 +08:00 [INF] EAMS2026.Infrastructure.Services.Erp.ReportService [ExecuteQueryInternal] 应用报表默认排序: ddate DESC, cdcname ASC
2026-06-28 18:41:31.678 +08:00 [INF] EAMS2026.Infrastructure.Services.Erp.ReportService [ExecuteRawSql] datasource=erp_u871_currentYear, isSqlServer=true, sql=SELECT year,month,ddate,cdcname,cpersonname,cpersoncode,cCusName,cCusAbbName,cShipAddress,cCusPerson,cdlcode,cmaker,cWhName,cInvTopClsName,cInvName,cInvCCode,cInvCName,iQuantity,iNum,isum
from dflView_eams_crossYearDispatch
where 1=1
    AND (ddate BETWEEN @_bf0 AND @_bf1 AND year = @_bf2 AND cpersoncode = @_bf3)
2026-06-28 18:41:31.680 +08:00 [INF] EAMS2026.Infrastructure.Services.Erp.ReportService [ExecuteRawSql] 归一化参数数: 7
2026-06-28 18:41:31.682 +08:00 [INF] EAMS2026.Infrastructure.Services.Erp.ReportService [ExecuteRawSql] 应用排序: [ddate] DESC, [cdcname] ASC
2026-06-28 18:41:31.684 +08:00 [INF] EAMS2026.Infrastructure.Services.Erp.ReportService [ExecuteRawSql] page=1, pageSize=50
2026-06-28 18:41:31.813 +08:00 [INF] EAMS2026.Infrastructure.Services.Erp.ReportService [ExecuteRawSql] COUNT结果: 5079
2026-06-28 18:41:31.814 +08:00 [INF] EAMS2026.Infrastructure.Services.Erp.ReportService [ExecuteRawSql] 分页SQL: SELECT * FROM (SELECT *, ROW_NUMBER() OVER (ORDER BY (SELECT NULL)) AS _rn FROM (SELECT year,month,ddate,cdcname,cpersonname,cpersoncode,cCusName,cCusAbbName,cShipAddress,cCusPerson,cdlcode,cmaker,cWhName,cInvTopClsName,cInvName,cInvCCode,cInvCName,iQuantity,iNum,isum
from dflView_eams_crossYearDispatch
where 1=1
    AND (ddate BETWEEN @_bf0 AND @_bf1 AND year = @_bf2 AND cpersoncode = @_bf3)
) AS _inner) AS _outer WHERE _rn BETWEEN @Start AND @End
2026-06-28 18:41:31.838 +08:00 [INF] EAMS2026.Infrastructure.Services.Erp.ReportService [ExecuteRawSql] 返回列数=21, 行数=50
2026-06-28 18:41:39.351 +08:00 [INF] EAMS2026.Infrastructure.Services.Erp.ReportService [ExecuteReport] reportId=2, userId=1
2026-06-28 18:41:39.359 +08:00 [INF] EAMS2026.Infrastructure.Services.Erp.ReportService [ExecuteReport] hasView=true
2026-06-28 18:41:39.360 +08:00 [INF] EAMS2026.Infrastructure.Services.Erp.ReportService [BuildFilterConditions] between: ddate 从 "2025-01-01T00:00:00.0000000+08:00" ~ "2026-06-23T00:00:00.0000000+08:00"
2026-06-28 18:41:39.362 +08:00 [INF] EAMS2026.Infrastructure.Services.Erp.ReportService [BuildFilterConditions] 生成条件: ddate BETWEEN @_bf0 AND @_bf1 AND year = @_bf2 AND cpersoncode = @_bf3
2026-06-28 18:41:39.364 +08:00 [INF] EAMS2026.Infrastructure.Services.Erp.ReportService [BuildFilterConditions] 修改后SQL: SELECT year,month,ddate,cdcname,cpersonname,cpersoncode,cCusName,cCusAbbName,cShipAddress,cCusPerson,cdlcode,cmaker,cWhName,cInvTopClsName,cInvName,cInvCCode,cInvCName,iQuantity,iNum,isum
from dflView_eams_crossYearDispatch
where 1=1
    AND (ddate BETWEEN @_bf0 AND @_bf1 AND year = @_bf2 AND cpersoncode = @_bf3)
2026-06-28 18:41:39.366 +08:00 [INF] EAMS2026.Infrastructure.Services.Erp.ReportService [BuildFilterConditions] 额外参数 _bf0 = "2025-01-01T00:00:00.0000000+08:00" (DateTime)
2026-06-28 18:41:39.368 +08:00 [INF] EAMS2026.Infrastructure.Services.Erp.ReportService [BuildFilterConditions] 额外参数 _bf1 = "2026-06-23T00:00:00.0000000+08:00" (DateTime)
2026-06-28 18:41:39.371 +08:00 [INF] EAMS2026.Infrastructure.Services.Erp.ReportService [BuildFilterConditions] 额外参数 _bf2 = 2026 (String)
2026-06-28 18:41:39.373 +08:00 [INF] EAMS2026.Infrastructure.Services.Erp.ReportService [BuildFilterConditions] 额外参数 _bf3 = 0207 (String)
2026-06-28 18:41:39.376 +08:00 [INF] EAMS2026.Infrastructure.Services.Erp.ReportService [ExecuteQueryInternal] 应用报表默认排序: ddate DESC, cdcname ASC
2026-06-28 18:41:39.379 +08:00 [INF] EAMS2026.Infrastructure.Services.Erp.ReportService [ExecuteRawSql] datasource=erp_u871_currentYear, isSqlServer=true, sql=SELECT year,month,ddate,cdcname,cpersonname,cpersoncode,cCusName,cCusAbbName,cShipAddress,cCusPerson,cdlcode,cmaker,cWhName,cInvTopClsName,cInvName,cInvCCode,cInvCName,iQuantity,iNum,isum
from dflView_eams_crossYearDispatch
where 1=1
    AND (ddate BETWEEN @_bf0 AND @_bf1 AND year = @_bf2 AND cpersoncode = @_bf3)
2026-06-28 18:41:39.382 +08:00 [INF] EAMS2026.Infrastructure.Services.Erp.ReportService [ExecuteRawSql] 归一化参数数: 7
2026-06-28 18:41:39.384 +08:00 [INF] EAMS2026.Infrastructure.Services.Erp.ReportService [ExecuteRawSql] 应用排序: [ddate] DESC, [cdcname] ASC
2026-06-28 18:41:39.385 +08:00 [INF] EAMS2026.Infrastructure.Services.Erp.ReportService [ExecuteRawSql] page=1, pageSize=50
2026-06-28 18:41:39.521 +08:00 [INF] EAMS2026.Infrastructure.Services.Erp.ReportService [ExecuteRawSql] COUNT结果: 5079
2026-06-28 18:41:39.522 +08:00 [INF] EAMS2026.Infrastructure.Services.Erp.ReportService [ExecuteRawSql] 分页SQL: SELECT * FROM (SELECT *, ROW_NUMBER() OVER (ORDER BY (SELECT NULL)) AS _rn FROM (SELECT year,month,ddate,cdcname,cpersonname,cpersoncode,cCusName,cCusAbbName,cShipAddress,cCusPerson,cdlcode,cmaker,cWhName,cInvTopClsName,cInvName,cInvCCode,cInvCName,iQuantity,iNum,isum
from dflView_eams_crossYearDispatch
where 1=1
    AND (ddate BETWEEN @_bf0 AND @_bf1 AND year = @_bf2 AND cpersoncode = @_bf3)
) AS _inner) AS _outer WHERE _rn BETWEEN @Start AND @End
2026-06-28 18:41:39.546 +08:00 [INF] EAMS2026.Infrastructure.Services.Erp.ReportService [ExecuteRawSql] 返回列数=21, 行数=50
2026-06-28 18:43:22.508 +08:00 [INF] EAMS2026.Infrastructure.Services.Erp.ReportService [ExecuteReport] reportId=2, userId=1
2026-06-28 18:43:22.525 +08:00 [INF] EAMS2026.Infrastructure.Services.Erp.ReportService [ExecuteReport] hasView=true
2026-06-28 18:43:22.529 +08:00 [INF] EAMS2026.Infrastructure.Services.Erp.ReportService [BuildFilterConditions] between: ddate 从 "2025-01-01T00:00:00.0000000+08:00" ~ "2026-06-23T00:00:00.0000000+08:00"
2026-06-28 18:43:22.533 +08:00 [INF] EAMS2026.Infrastructure.Services.Erp.ReportService [BuildFilterConditions] 生成条件: ddate BETWEEN @_bf0 AND @_bf1 AND year = @_bf2 AND cpersoncode = @_bf3
2026-06-28 18:43:22.536 +08:00 [INF] EAMS2026.Infrastructure.Services.Erp.ReportService [BuildFilterConditions] 修改后SQL: SELECT year,month,ddate,cdcname,cpersonname,cpersoncode,cCusName,cCusAbbName,cShipAddress,cCusPerson,cdlcode,cmaker,cWhName,cInvTopClsName,cInvName,cInvCCode,cInvCName,iQuantity,iNum,isum
from dflView_eams_crossYearDispatch
where 1=1
    AND (ddate BETWEEN @_bf0 AND @_bf1 AND year = @_bf2 AND cpersoncode = @_bf3)
2026-06-28 18:43:22.539 +08:00 [INF] EAMS2026.Infrastructure.Services.Erp.ReportService [BuildFilterConditions] 额外参数 _bf0 = "2025-01-01T00:00:00.0000000+08:00" (DateTime)
2026-06-28 18:43:22.546 +08:00 [INF] EAMS2026.Infrastructure.Services.Erp.ReportService [BuildFilterConditions] 额外参数 _bf1 = "2026-06-23T00:00:00.0000000+08:00" (DateTime)
2026-06-28 18:43:22.548 +08:00 [INF] EAMS2026.Infrastructure.Services.Erp.ReportService [BuildFilterConditions] 额外参数 _bf2 = 2026 (String)
2026-06-28 18:43:22.551 +08:00 [INF] EAMS2026.Infrastructure.Services.Erp.ReportService [BuildFilterConditions] 额外参数 _bf3 = 0207 (String)
2026-06-28 18:43:22.554 +08:00 [INF] EAMS2026.Infrastructure.Services.Erp.ReportService [ExecuteQueryInternal] 应用报表默认排序: ddate DESC, cdcname ASC
2026-06-28 18:43:22.556 +08:00 [INF] EAMS2026.Infrastructure.Services.Erp.ReportService [ExecuteRawSql] datasource=erp_u871_currentYear, isSqlServer=true, sql=SELECT year,month,ddate,cdcname,cpersonname,cpersoncode,cCusName,cCusAbbName,cShipAddress,cCusPerson,cdlcode,cmaker,cWhName,cInvTopClsName,cInvName,cInvCCode,cInvCName,iQuantity,iNum,isum
from dflView_eams_crossYearDispatch
where 1=1
    AND (ddate BETWEEN @_bf0 AND @_bf1 AND year = @_bf2 AND cpersoncode = @_bf3)
2026-06-28 18:43:22.559 +08:00 [INF] EAMS2026.Infrastructure.Services.Erp.ReportService [ExecuteRawSql] 归一化参数数: 7
2026-06-28 18:43:22.560 +08:00 [INF] EAMS2026.Infrastructure.Services.Erp.ReportService [ExecuteRawSql] 应用排序: [ddate] DESC, [cdcname] ASC
2026-06-28 18:43:22.562 +08:00 [INF] EAMS2026.Infrastructure.Services.Erp.ReportService [ExecuteRawSql] page=1, pageSize=50
2026-06-28 18:43:22.693 +08:00 [INF] EAMS2026.Infrastructure.Services.Erp.ReportService [ExecuteRawSql] COUNT结果: 5079
2026-06-28 18:43:22.694 +08:00 [INF] EAMS2026.Infrastructure.Services.Erp.ReportService [ExecuteRawSql] 分页SQL: SELECT * FROM (SELECT *, ROW_NUMBER() OVER (ORDER BY (SELECT NULL)) AS _rn FROM (SELECT year,month,ddate,cdcname,cpersonname,cpersoncode,cCusName,cCusAbbName,cShipAddress,cCusPerson,cdlcode,cmaker,cWhName,cInvTopClsName,cInvName,cInvCCode,cInvCName,iQuantity,iNum,isum
from dflView_eams_crossYearDispatch
where 1=1
    AND (ddate BETWEEN @_bf0 AND @_bf1 AND year = @_bf2 AND cpersoncode = @_bf3)
) AS _inner) AS _outer WHERE _rn BETWEEN @Start AND @End
2026-06-28 18:43:22.717 +08:00 [INF] EAMS2026.Infrastructure.Services.Erp.ReportService [ExecuteRawSql] 返回列数=21, 行数=50
2026-06-28 19:36:44.314 +08:00 [INF] EAMS2026.Infrastructure.Services.Erp.ReportService [ExecuteReport] reportId=2, userId=1
2026-06-28 19:36:44.342 +08:00 [INF] EAMS2026.Infrastructure.Services.Erp.ReportService [ExecuteReport] hasView=true
2026-06-28 19:36:44.345 +08:00 [INF] EAMS2026.Infrastructure.Services.Erp.ReportService [BuildFilterConditions] between: ddate 从 "2025-01-01T00:00:00.0000000+08:00" ~ "2026-06-23T00:00:00.0000000+08:00"
2026-06-28 19:36:44.361 +08:00 [INF] EAMS2026.Infrastructure.Services.Erp.ReportService [BuildFilterConditions] 生成条件: ddate BETWEEN @_bf0 AND @_bf1 AND year = @_bf2 AND cpersoncode = @_bf3
2026-06-28 19:36:44.373 +08:00 [INF] EAMS2026.Infrastructure.Services.Erp.ReportService [BuildFilterConditions] 修改后SQL: SELECT year,month,ddate,cdcname,cpersonname,cpersoncode,cCusName,cCusAbbName,cShipAddress,cCusPerson,cdlcode,cmaker,cWhName,cInvTopClsName,cInvName,cInvCCode,cInvCName,iQuantity,iNum,isum
from dflView_eams_crossYearDispatch
where 1=1
    AND (ddate BETWEEN @_bf0 AND @_bf1 AND year = @_bf2 AND cpersoncode = @_bf3)
2026-06-28 19:36:44.376 +08:00 [INF] EAMS2026.Infrastructure.Services.Erp.ReportService [BuildFilterConditions] 额外参数 _bf0 = "2025-01-01T00:00:00.0000000+08:00" (DateTime)
2026-06-28 19:36:44.379 +08:00 [INF] EAMS2026.Infrastructure.Services.Erp.ReportService [BuildFilterConditions] 额外参数 _bf1 = "2026-06-23T00:00:00.0000000+08:00" (DateTime)
2026-06-28 19:36:44.382 +08:00 [INF] EAMS2026.Infrastructure.Services.Erp.ReportService [BuildFilterConditions] 额外参数 _bf2 = 2026 (String)
2026-06-28 19:36:44.385 +08:00 [INF] EAMS2026.Infrastructure.Services.Erp.ReportService [BuildFilterConditions] 额外参数 _bf3 = 0207 (String)
2026-06-28 19:36:44.387 +08:00 [INF] EAMS2026.Infrastructure.Services.Erp.ReportService [ExecuteQueryInternal] 应用报表默认排序: ddate DESC, cdcname ASC
2026-06-28 19:36:44.391 +08:00 [INF] EAMS2026.Infrastructure.Services.Erp.ReportService [ExecuteRawSql] datasource=erp_u871_currentYear, isSqlServer=true, sql=SELECT year,month,ddate,cdcname,cpersonname,cpersoncode,cCusName,cCusAbbName,cShipAddress,cCusPerson,cdlcode,cmaker,cWhName,cInvTopClsName,cInvName,cInvCCode,cInvCName,iQuantity,iNum,isum
from dflView_eams_crossYearDispatch
where 1=1
    AND (ddate BETWEEN @_bf0 AND @_bf1 AND year = @_bf2 AND cpersoncode = @_bf3)
2026-06-28 19:36:44.394 +08:00 [INF] EAMS2026.Infrastructure.Services.Erp.ReportService [ExecuteRawSql] 归一化参数数: 7
2026-06-28 19:36:44.399 +08:00 [INF] EAMS2026.Infrastructure.Services.Erp.ReportService [ExecuteRawSql] 应用排序: [ddate] DESC, [cdcname] ASC
2026-06-28 19:36:44.401 +08:00 [INF] EAMS2026.Infrastructure.Services.Erp.ReportService [ExecuteRawSql] page=1, pageSize=50
2026-06-28 19:36:45.849 +08:00 [INF] EAMS2026.Infrastructure.Services.Erp.ReportService [ExecuteRawSql] COUNT结果: 5079
2026-06-28 19:36:45.858 +08:00 [INF] EAMS2026.Infrastructure.Services.Erp.ReportService [ExecuteRawSql] 分页SQL: SELECT * FROM (SELECT *, ROW_NUMBER() OVER (ORDER BY (SELECT NULL)) AS _rn FROM (SELECT year,month,ddate,cdcname,cpersonname,cpersoncode,cCusName,cCusAbbName,cShipAddress,cCusPerson,cdlcode,cmaker,cWhName,cInvTopClsName,cInvName,cInvCCode,cInvCName,iQuantity,iNum,isum
from dflView_eams_crossYearDispatch
where 1=1
    AND (ddate BETWEEN @_bf0 AND @_bf1 AND year = @_bf2 AND cpersoncode = @_bf3)
) AS _inner) AS _outer WHERE _rn BETWEEN @Start AND @End
2026-06-28 19:36:45.885 +08:00 [INF] EAMS2026.Infrastructure.Services.Erp.ReportService [ExecuteRawSql] 返回列数=21, 行数=50
2026-06-28 19:36:55.627 +08:00 [INF] EAMS2026.Infrastructure.Services.Erp.ReportService [ExecuteReport] reportId=2, userId=1
2026-06-28 19:36:55.639 +08:00 [INF] EAMS2026.Infrastructure.Services.Erp.ReportService [ExecuteReport] hasView=true
2026-06-28 19:36:55.642 +08:00 [INF] EAMS2026.Infrastructure.Services.Erp.ReportService [BuildFilterConditions] between: ddate 从 "2025-01-01T00:00:00.0000000+08:00" ~ "2026-06-23T00:00:00.0000000+08:00"
2026-06-28 19:36:55.646 +08:00 [INF] EAMS2026.Infrastructure.Services.Erp.ReportService [BuildFilterConditions] 生成条件: ddate BETWEEN @_bf0 AND @_bf1 AND year = @_bf2 AND cpersoncode = @_bf3
2026-06-28 19:36:55.658 +08:00 [INF] EAMS2026.Infrastructure.Services.Erp.ReportService [BuildFilterConditions] 修改后SQL: SELECT year,month,ddate,cdcname,cpersonname,cpersoncode,cCusName,cCusAbbName,cShipAddress,cCusPerson,cdlcode,cmaker,cWhName,cInvTopClsName,cInvName,cInvCCode,cInvCName,iQuantity,iNum,isum
from dflView_eams_crossYearDispatch
where 1=1
    AND (ddate BETWEEN @_bf0 AND @_bf1 AND year = @_bf2 AND cpersoncode = @_bf3)
2026-06-28 19:36:55.659 +08:00 [INF] EAMS2026.Infrastructure.Services.Erp.ReportService [BuildFilterConditions] 额外参数 _bf0 = "2025-01-01T00:00:00.0000000+08:00" (DateTime)
2026-06-28 19:36:55.671 +08:00 [INF] EAMS2026.Infrastructure.Services.Erp.ReportService [BuildFilterConditions] 额外参数 _bf1 = "2026-06-23T00:00:00.0000000+08:00" (DateTime)
2026-06-28 19:36:55.684 +08:00 [INF] EAMS2026.Infrastructure.Services.Erp.ReportService [BuildFilterConditions] 额外参数 _bf2 = 2026 (String)
2026-06-28 19:36:55.686 +08:00 [INF] EAMS2026.Infrastructure.Services.Erp.ReportService [BuildFilterConditions] 额外参数 _bf3 = 0207 (String)
2026-06-28 19:36:55.691 +08:00 [INF] EAMS2026.Infrastructure.Services.Erp.ReportService [ExecuteRawSql] datasource=erp_u871_currentYear, isSqlServer=true, sql=SELECT year,month,ddate,cdcname,cpersonname,cpersoncode,cCusName,cCusAbbName,cShipAddress,cCusPerson,cdlcode,cmaker,cWhName,cInvTopClsName,cInvName,cInvCCode,cInvCName,iQuantity,iNum,isum
from dflView_eams_crossYearDispatch
where 1=1
    AND (ddate BETWEEN @_bf0 AND @_bf1 AND year = @_bf2 AND cpersoncode = @_bf3)
2026-06-28 19:36:55.695 +08:00 [INF] EAMS2026.Infrastructure.Services.Erp.ReportService [ExecuteRawSql] 归一化参数数: 7
2026-06-28 19:36:55.697 +08:00 [INF] EAMS2026.Infrastructure.Services.Erp.ReportService [ExecuteRawSql] 应用排序: [cCusName] ASC
2026-06-28 19:36:55.699 +08:00 [INF] EAMS2026.Infrastructure.Services.Erp.ReportService [ExecuteRawSql] page=1, pageSize=50
2026-06-28 19:36:55.829 +08:00 [INF] EAMS2026.Infrastructure.Services.Erp.ReportService [ExecuteRawSql] COUNT结果: 5079
2026-06-28 19:36:55.853 +08:00 [INF] EAMS2026.Infrastructure.Services.Erp.ReportService [ExecuteRawSql] 分页SQL: SELECT * FROM (SELECT *, ROW_NUMBER() OVER (ORDER BY (SELECT NULL)) AS _rn FROM (SELECT year,month,ddate,cdcname,cpersonname,cpersoncode,cCusName,cCusAbbName,cShipAddress,cCusPerson,cdlcode,cmaker,cWhName,cInvTopClsName,cInvName,cInvCCode,cInvCName,iQuantity,iNum,isum
from dflView_eams_crossYearDispatch
where 1=1
    AND (ddate BETWEEN @_bf0 AND @_bf1 AND year = @_bf2 AND cpersoncode = @_bf3)
) AS _inner) AS _outer WHERE _rn BETWEEN @Start AND @End
2026-06-28 19:36:55.905 +08:00 [INF] EAMS2026.Infrastructure.Services.Erp.ReportService [ExecuteRawSql] 返回列数=21, 行数=50
2026-06-28 19:37:06.436 +08:00 [INF] EAMS2026.Infrastructure.Services.Erp.ReportService [ExecuteReport] reportId=2, userId=1
2026-06-28 19:37:06.444 +08:00 [INF] EAMS2026.Infrastructure.Services.Erp.ReportService [ExecuteReport] hasView=true
2026-06-28 19:37:06.449 +08:00 [INF] EAMS2026.Infrastructure.Services.Erp.ReportService [BuildFilterConditions] between: ddate 从 "2025-01-01T00:00:00.0000000+08:00" ~ "2026-06-23T00:00:00.0000000+08:00"
2026-06-28 19:37:06.451 +08:00 [INF] EAMS2026.Infrastructure.Services.Erp.ReportService [BuildFilterConditions] 生成条件: ddate BETWEEN @_bf0 AND @_bf1 AND year = @_bf2 AND cpersoncode = @_bf3
2026-06-28 19:37:06.452 +08:00 [INF] EAMS2026.Infrastructure.Services.Erp.ReportService [BuildFilterConditions] 修改后SQL: SELECT year,month,ddate,cdcname,cpersonname,cpersoncode,cCusName,cCusAbbName,cShipAddress,cCusPerson,cdlcode,cmaker,cWhName,cInvTopClsName,cInvName,cInvCCode,cInvCName,iQuantity,iNum,isum
from dflView_eams_crossYearDispatch
where 1=1
    AND (ddate BETWEEN @_bf0 AND @_bf1 AND year = @_bf2 AND cpersoncode = @_bf3)
2026-06-28 19:37:06.455 +08:00 [INF] EAMS2026.Infrastructure.Services.Erp.ReportService [BuildFilterConditions] 额外参数 _bf0 = "2025-01-01T00:00:00.0000000+08:00" (DateTime)
2026-06-28 19:37:06.457 +08:00 [INF] EAMS2026.Infrastructure.Services.Erp.ReportService [BuildFilterConditions] 额外参数 _bf1 = "2026-06-23T00:00:00.0000000+08:00" (DateTime)
2026-06-28 19:37:06.463 +08:00 [INF] EAMS2026.Infrastructure.Services.Erp.ReportService [BuildFilterConditions] 额外参数 _bf2 = 2026 (String)
2026-06-28 19:37:06.466 +08:00 [INF] EAMS2026.Infrastructure.Services.Erp.ReportService [BuildFilterConditions] 额外参数 _bf3 = 0207 (String)
2026-06-28 19:37:06.469 +08:00 [INF] EAMS2026.Infrastructure.Services.Erp.ReportService [ExecuteRawSql] datasource=erp_u871_currentYear, isSqlServer=true, sql=SELECT year,month,ddate,cdcname,cpersonname,cpersoncode,cCusName,cCusAbbName,cShipAddress,cCusPerson,cdlcode,cmaker,cWhName,cInvTopClsName,cInvName,cInvCCode,cInvCName,iQuantity,iNum,isum
from dflView_eams_crossYearDispatch
where 1=1
    AND (ddate BETWEEN @_bf0 AND @_bf1 AND year = @_bf2 AND cpersoncode = @_bf3)
2026-06-28 19:37:06.472 +08:00 [INF] EAMS2026.Infrastructure.Services.Erp.ReportService [ExecuteRawSql] 归一化参数数: 7
2026-06-28 19:37:06.473 +08:00 [INF] EAMS2026.Infrastructure.Services.Erp.ReportService [ExecuteRawSql] 应用排序: [cCusName] ASC
2026-06-28 19:37:06.474 +08:00 [INF] EAMS2026.Infrastructure.Services.Erp.ReportService [ExecuteRawSql] page=1, pageSize=0
2026-06-28 19:37:06.476 +08:00 [INF] EAMS2026.Infrastructure.Services.Erp.ReportService [ExecuteRawSql] 无分页SQL: SELECT year,month,ddate,cdcname,cpersonname,cpersoncode,cCusName,cCusAbbName,cShipAddress,cCusPerson,cdlcode,cmaker,cWhName,cInvTopClsName,cInvName,cInvCCode,cInvCName,iQuantity,iNum,isum
from dflView_eams_crossYearDispatch
where 1=1
    AND (ddate BETWEEN @_bf0 AND @_bf1 AND year = @_bf2 AND cpersoncode = @_bf3)
ORDER BY [cCusName] ASC
2026-06-28 19:37:07.164 +08:00 [INF] EAMS2026.Infrastructure.Services.Erp.ReportService [ExecuteRawSql] 返回列数=20, 行数=5079
2026-06-28 19:38:14.664 +08:00 [INF] EAMS2026.Application.Services.Erp.VouchModifyService [GetSalespersons] 从 erp_settings_salesperson_map 读取业务员列表
2026-06-28 19:38:14.669 +08:00 [INF] EAMS2026.Application.Services.Erp.VouchModifyService [GetSalespersons] 从映射表获取到 6 个业务员
2026-06-28 19:38:14.737 +08:00 [INF] EAMS2026.Application.Services.Erp.VouchModifyService [QueryOrders] 开始查询订单, 客户编码=null, 日期范围=null~null
2026-06-28 19:38:15.245 +08:00 [INF] EAMS2026.Application.Services.Erp.VouchModifyService [QueryOrders] 查询完成, 共 9 条 (总计 58)
